{"/home/travis/build/npmtest/node-npmtest-node-ssh/test.js":{"path":"/home/travis/build/npmtest/node-npmtest-node-ssh/test.js","s":{"1":2,"2":2,"3":2,"4":2,"5":2,"6":2,"7":2,"8":1,"9":2,"10":2,"11":1,"12":1,"13":1,"14":1,"15":2,"16":2,"17":2,"18":2,"19":1,"20":1,"21":2,"22":2,"23":2,"24":1,"25":1,"26":1,"27":1,"28":1,"29":1,"30":1,"31":1,"32":1,"33":1,"34":1,"35":1,"36":1,"37":1,"38":1,"39":2,"40":2,"41":1,"42":2,"43":2,"44":1,"45":2,"46":2,"47":1,"48":2,"49":2,"50":1,"51":1,"52":1,"53":1,"54":1},"b":{"1":[2,1,1,1],"2":[1,1,1,1],"3":[1,1],"4":[1,1],"5":[1,1],"6":[1,1],"7":[1,1],"8":[1,1],"9":[1,1],"10":[1,1,1],"11":[1,1],"12":[1,1],"13":[1,1],"14":[1,1],"15":[1,1],"16":[1,1],"17":[1,1]},"f":{"1":2,"2":2,"3":2,"4":2,"5":2,"6":1,"7":1,"8":1,"9":2,"10":2,"11":2,"12":2,"13":1},"fnMap":{"1":{"name":"(anonymous_1)","line":12,"loc":{"start":{"line":12,"column":1},"end":{"line":12,"column":13}}},"2":{"name":"(anonymous_2)","line":19,"loc":{"start":{"line":19,"column":5},"end":{"line":19,"column":17}}},"3":{"name":"(anonymous_3)","line":23,"loc":{"start":{"line":23,"column":24},"end":{"line":23,"column":36}}},"4":{"name":"(anonymous_4)","line":61,"loc":{"start":{"line":61,"column":5},"end":{"line":61,"column":17}}},"5":{"name":"(anonymous_5)","line":82,"loc":{"start":{"line":82,"column":5},"end":{"line":82,"column":17}}},"6":{"name":"(anonymous_6)","line":91,"loc":{"start":{"line":91,"column":77},"end":{"line":94,"column":10}}},"7":{"name":"(anonymous_7)","line":112,"loc":{"start":{"line":112,"column":83},"end":{"line":115,"column":10}},"skip":true},"8":{"name":"(anonymous_8)","line":123,"loc":{"start":{"line":123,"column":77},"end":{"line":126,"column":10}},"skip":true},"9":{"name":"(anonymous_9)","line":139,"loc":{"start":{"line":139,"column":12},"end":{"line":139,"column":40}},"skip":true},"10":{"name":"(anonymous_10)","line":147,"loc":{"start":{"line":147,"column":77},"end":{"line":150,"column":10}},"skip":true},"11":{"name":"(anonymous_11)","line":158,"loc":{"start":{"line":158,"column":83},"end":{"line":161,"column":10}},"skip":true},"12":{"name":"(anonymous_12)","line":169,"loc":{"start":{"line":169,"column":79},"end":{"line":172,"column":10}},"skip":true},"13":{"name":"(anonymous_13)","line":180,"loc":{"start":{"line":180,"column":75},"end":{"line":183,"column":10}},"skip":true}},"statementMap":{"1":{"start":{"line":12,"column":0},"end":{"line":195,"column":5}},"2":{"start":{"line":14,"column":4},"end":{"line":14,"column":14}},"3":{"start":{"line":19,"column":4},"end":{"line":56,"column":9}},"4":{"start":{"line":21,"column":8},"end":{"line":21,"column":19}},"5":{"start":{"line":23,"column":8},"end":{"line":35,"column":13}},"6":{"start":{"line":24,"column":12},"end":{"line":34,"column":13}},"7":{"start":{"line":25,"column":16},"end":{"line":28,"column":30}},"8":{"start":{"line":30,"column":16},"end":{"line":33,"column":27}},"9":{"start":{"line":37,"column":8},"end":{"line":39,"column":21}},"10":{"start":{"line":40,"column":8},"end":{"line":53,"column":9}},"11":{"start":{"line":43,"column":12},"end":{"line":46,"column":14}},"12":{"start":{"line":47,"column":12},"end":{"line":47,"column":18}},"13":{"start":{"line":50,"column":12},"end":{"line":51,"column":33}},"14":{"start":{"line":52,"column":12},"end":{"line":52,"column":18}},"15":{"start":{"line":55,"column":8},"end":{"line":55,"column":35}},"16":{"start":{"line":61,"column":4},"end":{"line":63,"column":9}},"17":{"start":{"line":62,"column":8},"end":{"line":62,"column":15}},"18":{"start":{"line":64,"column":4},"end":{"line":77,"column":5}},"19":{"start":{"line":70,"column":8},"end":{"line":70,"column":14}},"20":{"start":{"line":76,"column":8},"end":{"line":76,"column":14}},"21":{"start":{"line":82,"column":4},"end":{"line":84,"column":9}},"22":{"start":{"line":83,"column":8},"end":{"line":83,"column":15}},"23":{"start":{"line":85,"column":4},"end":{"line":194,"column":5}},"24":{"start":{"line":91,"column":8},"end":{"line":99,"column":10}},"25":{"start":{"line":98,"column":12},"end":{"line":98,"column":35}},"26":{"start":{"line":102,"column":8},"end":{"line":104,"column":63}},"27":{"start":{"line":105,"column":8},"end":{"line":105,"column":14}},"28":{"start":{"line":112,"column":8},"end":{"line":121,"column":10},"skip":true},"29":{"start":{"line":119,"column":12},"end":{"line":119,"column":55},"skip":true},"30":{"start":{"line":120,"column":12},"end":{"line":120,"column":48},"skip":true},"31":{"start":{"line":123,"column":8},"end":{"line":136,"column":10},"skip":true},"32":{"start":{"line":130,"column":12},"end":{"line":130,"column":76},"skip":true},"33":{"start":{"line":131,"column":12},"end":{"line":131,"column":73},"skip":true},"34":{"start":{"line":132,"column":12},"end":{"line":132,"column":74},"skip":true},"35":{"start":{"line":133,"column":12},"end":{"line":133,"column":79},"skip":true},"36":{"start":{"line":134,"column":12},"end":{"line":134,"column":25},"skip":true},"37":{"start":{"line":135,"column":12},"end":{"line":135,"column":45},"skip":true},"38":{"start":{"line":138,"column":8},"end":{"line":145,"column":14},"skip":true},"39":{"start":{"line":143,"column":16},"end":{"line":143,"column":29},"skip":true},"40":{"start":{"line":144,"column":16},"end":{"line":144,"column":55},"skip":true},"41":{"start":{"line":147,"column":8},"end":{"line":156,"column":10},"skip":true},"42":{"start":{"line":154,"column":12},"end":{"line":154,"column":25},"skip":true},"43":{"start":{"line":155,"column":12},"end":{"line":155,"column":45},"skip":true},"44":{"start":{"line":158,"column":8},"end":{"line":167,"column":10},"skip":true},"45":{"start":{"line":165,"column":12},"end":{"line":165,"column":25},"skip":true},"46":{"start":{"line":166,"column":12},"end":{"line":166,"column":48},"skip":true},"47":{"start":{"line":169,"column":8},"end":{"line":178,"column":10},"skip":true},"48":{"start":{"line":176,"column":12},"end":{"line":176,"column":25},"skip":true},"49":{"start":{"line":177,"column":12},"end":{"line":177,"column":46},"skip":true},"50":{"start":{"line":180,"column":8},"end":{"line":189,"column":10},"skip":true},"51":{"start":{"line":187,"column":12},"end":{"line":187,"column":94},"skip":true},"52":{"start":{"line":188,"column":12},"end":{"line":188,"column":48},"skip":true},"53":{"start":{"line":192,"column":8},"end":{"line":192,"column":35},"skip":true},"54":{"start":{"line":193,"column":8},"end":{"line":193,"column":14},"skip":true}},"branchMap":{"1":{"line":25,"type":"binary-expr","locations":[{"start":{"line":25,"column":23},"end":{"line":25,"column":62}},{"start":{"line":26,"column":20},"end":{"line":26,"column":70}},{"start":{"line":27,"column":20},"end":{"line":27,"column":71}},{"start":{"line":28,"column":20},"end":{"line":28,"column":29}}]},"2":{"line":30,"type":"binary-expr","locations":[{"start":{"line":30,"column":23},"end":{"line":30,"column":37}},{"start":{"line":31,"column":20},"end":{"line":31,"column":61}},{"start":{"line":32,"column":20},"end":{"line":32,"column":70}},{"start":{"line":33,"column":20},"end":{"line":33,"column":26}}]},"3":{"line":37,"type":"cond-expr","locations":[{"start":{"line":38,"column":14},"end":{"line":38,"column":20}},{"start":{"line":39,"column":14},"end":{"line":39,"column":20}}]},"4":{"line":40,"type":"switch","locations":[{"start":{"line":42,"column":8},"end":{"line":47,"column":18}},{"start":{"line":49,"column":8},"end":{"line":52,"column":18}}]},"5":{"line":44,"type":"binary-expr","locations":[{"start":{"line":44,"column":16},"end":{"line":44,"column":44}},{"start":{"line":44,"column":48},"end":{"line":44,"column":66}}]},"6":{"line":50,"type":"binary-expr","locations":[{"start":{"line":50,"column":21},"end":{"line":50,"column":49}},{"start":{"line":50,"column":53},"end":{"line":50,"column":72}}]},"7":{"line":64,"type":"switch","locations":[{"start":{"line":69,"column":4},"end":{"line":70,"column":14}},{"start":{"line":75,"column":4},"end":{"line":76,"column":14}}]},"8":{"line":85,"type":"switch","locations":[{"start":{"line":90,"column":4},"end":{"line":105,"column":14}},{"start":{"line":111,"column":4},"end":{"line":193,"column":14},"skip":true}]},"9":{"line":91,"type":"binary-expr","locations":[{"start":{"line":91,"column":42},"end":{"line":91,"column":73}},{"start":{"line":91,"column":77},"end":{"line":99,"column":9}}]},"10":{"line":102,"type":"binary-expr","locations":[{"start":{"line":102,"column":18},"end":{"line":102,"column":32}},{"start":{"line":103,"column":12},"end":{"line":103,"column":53}},{"start":{"line":104,"column":12},"end":{"line":104,"column":61}}]},"11":{"line":112,"type":"binary-expr","locations":[{"start":{"line":112,"column":45},"end":{"line":112,"column":79},"skip":true},{"start":{"line":112,"column":83},"end":{"line":121,"column":9},"skip":true}]},"12":{"line":123,"type":"binary-expr","locations":[{"start":{"line":123,"column":42},"end":{"line":123,"column":73},"skip":true},{"start":{"line":123,"column":77},"end":{"line":136,"column":9},"skip":true}]},"13":{"line":138,"type":"binary-expr","locations":[{"start":{"line":138,"column":48},"end":{"line":138,"column":85},"skip":true},{"start":{"line":139,"column":12},"end":{"line":145,"column":13},"skip":true}]},"14":{"line":147,"type":"binary-expr","locations":[{"start":{"line":147,"column":42},"end":{"line":147,"column":73},"skip":true},{"start":{"line":147,"column":77},"end":{"line":156,"column":9},"skip":true}]},"15":{"line":158,"type":"binary-expr","locations":[{"start":{"line":158,"column":45},"end":{"line":158,"column":79},"skip":true},{"start":{"line":158,"column":83},"end":{"line":167,"column":9},"skip":true}]},"16":{"line":169,"type":"binary-expr","locations":[{"start":{"line":169,"column":43},"end":{"line":169,"column":75},"skip":true},{"start":{"line":169,"column":79},"end":{"line":178,"column":9},"skip":true}]},"17":{"line":180,"type":"binary-expr","locations":[{"start":{"line":180,"column":41},"end":{"line":180,"column":71},"skip":true},{"start":{"line":180,"column":75},"end":{"line":189,"column":9},"skip":true}]}},"code":["/* istanbul instrument in package npmtest_node_ssh */","/*jslint","    bitwise: true,","    browser: true,","    maxerr: 8,","    maxlen: 96,","    node: true,","    nomen: true,","    regexp: true,","    stupid: true","*/","(function () {","    'use strict';","    var local;","","","","    // run shared js-env code - pre-init","    (function () {","        // init local","        local = {};","        // init modeJs","        local.modeJs = (function () {","            try {","                return typeof navigator.userAgent === 'string' &&","                    typeof document.querySelector('body') === 'object' &&","                    typeof XMLHttpRequest.prototype.open === 'function' &&","                    'browser';","            } catch (errorCaughtBrowser) {","                return module.exports &&","                    typeof process.versions.node === 'string' &&","                    typeof require('http').createServer === 'function' &&","                    'node';","            }","        }());","        // init global","        local.global = local.modeJs === 'browser'","            ? window","            : global;","        switch (local.modeJs) {","        // re-init local from window.local","        case 'browser':","            local = local.global.utility2.objectSetDefault(","                local.global.utility2_rollup || local.global.local,","                local.global.utility2","            );","            break;","        // re-init local from example.js","        case 'node':","            local = (local.global.utility2_rollup || require('utility2'))","                .requireReadme();","            break;","        }","        // export local","        local.global.local = local;","    }());","","","","    // run shared js-env code - function","    (function () {","        return;","    }());","    switch (local.modeJs) {","","","","    // run browser js-env code - function","    case 'browser':","        break;","","","","    // run node js-env code - function","    case 'node':","        break;","    }","","","","    // run shared js-env code - post-init","    (function () {","        return;","    }());","    switch (local.modeJs) {","","","","    // run browser js-env code - post-init","    case 'browser':","        local.testCase_browser_nullCase = local.testCase_browser_nullCase || function (","            options,","            onError","        ) {","        /*","         * this function will test browsers's null-case handling-behavior-behavior","         */","            onError(null, options);","        };","","        // run tests","        local.nop(local.modeTest &&","            document.querySelector('#testRunButton1') &&","            document.querySelector('#testRunButton1').click());","        break;","","","","    // run node js-env code - post-init","    /* istanbul ignore next */","    case 'node':","        local.testCase_buildApidoc_default = local.testCase_buildApidoc_default || function (","            options,","            onError","        ) {","        /*","         * this function will test buildApidoc's default handling-behavior-behavior","         */","            options = { modulePathList: module.paths };","            local.buildApidoc(options, onError);","        };","","        local.testCase_buildApp_default = local.testCase_buildApp_default || function (","            options,","            onError","        ) {","        /*","         * this function will test buildApp's default handling-behavior-behavior","         */","            local.testCase_buildReadme_default(options, local.onErrorThrow);","            local.testCase_buildLib_default(options, local.onErrorThrow);","            local.testCase_buildTest_default(options, local.onErrorThrow);","            local.testCase_buildCustomOrg_default(options, local.onErrorThrow);","            options = [];","            local.buildApp(options, onError);","        };","","        local.testCase_buildCustomOrg_default = local.testCase_buildCustomOrg_default ||","            function (options, onError) {","            /*","             * this function will test buildCustomOrg's default handling-behavior","             */","                options = {};","                local.buildCustomOrg(options, onError);","            };","","        local.testCase_buildLib_default = local.testCase_buildLib_default || function (","            options,","            onError","        ) {","        /*","         * this function will test buildLib's default handling-behavior","         */","            options = {};","            local.buildLib(options, onError);","        };","","        local.testCase_buildReadme_default = local.testCase_buildReadme_default || function (","            options,","            onError","        ) {","        /*","         * this function will test buildReadme's default handling-behavior-behavior","         */","            options = {};","            local.buildReadme(options, onError);","        };","","        local.testCase_buildTest_default = local.testCase_buildTest_default || function (","            options,","            onError","        ) {","        /*","         * this function will test buildTest's default handling-behavior","         */","            options = {};","            local.buildTest(options, onError);","        };","","        local.testCase_webpage_default = local.testCase_webpage_default || function (","            options,","            onError","        ) {","        /*","         * this function will test webpage's default handling-behavior","         */","            options = { modeCoverageMerge: true, url: local.serverLocalHost + '?modeTest=1' };","            local.browserTest(options, onError);","        };","","        // run test-server","        local.testRunServer(local);","        break;","    }","}());",""],"l":{"12":2,"14":2,"19":2,"21":2,"23":2,"24":2,"25":2,"30":1,"37":2,"40":2,"43":1,"47":1,"50":1,"52":1,"55":2,"61":2,"62":2,"64":2,"70":1,"76":1,"82":2,"83":2,"85":2,"91":1,"98":1,"102":1,"105":1,"112":1,"119":1,"120":1,"123":1,"130":1,"131":1,"132":1,"133":1,"134":1,"135":1,"138":1,"143":2,"144":2,"147":1,"154":2,"155":2,"158":1,"165":2,"166":2,"169":1,"176":2,"177":2,"180":1,"187":1,"188":1,"192":1,"193":1}},"/home/travis/build/npmtest/node-npmtest-node-ssh/lib.npmtest_node_ssh.js":{"path":"/home/travis/build/npmtest/node-npmtest-node-ssh/lib.npmtest_node_ssh.js","s":{"1":2,"2":2,"3":2,"4":2,"5":2,"6":2,"7":2,"8":1,"9":2,"10":2,"11":2,"12":2,"13":1,"14":1,"15":1,"16":1},"b":{"1":[2,1,1,1],"2":[1,1,1,1],"3":[1,1],"4":[2,2],"5":[1,1]},"f":{"1":2,"2":2,"3":2},"fnMap":{"1":{"name":"(anonymous_1)","line":12,"loc":{"start":{"line":12,"column":1},"end":{"line":12,"column":13}}},"2":{"name":"(anonymous_2)","line":19,"loc":{"start":{"line":19,"column":5},"end":{"line":19,"column":17}}},"3":{"name":"(anonymous_3)","line":23,"loc":{"start":{"line":23,"column":24},"end":{"line":23,"column":36}}}},"statementMap":{"1":{"start":{"line":12,"column":0},"end":{"line":53,"column":5}},"2":{"start":{"line":14,"column":4},"end":{"line":14,"column":14}},"3":{"start":{"line":19,"column":4},"end":{"line":52,"column":9}},"4":{"start":{"line":21,"column":8},"end":{"line":21,"column":19}},"5":{"start":{"line":23,"column":8},"end":{"line":35,"column":13}},"6":{"start":{"line":24,"column":12},"end":{"line":34,"column":13}},"7":{"start":{"line":25,"column":16},"end":{"line":28,"column":30}},"8":{"start":{"line":30,"column":16},"end":{"line":33,"column":27}},"9":{"start":{"line":37,"column":8},"end":{"line":39,"column":21}},"10":{"start":{"line":41,"column":8},"end":{"line":41,"column":54}},"11":{"start":{"line":43,"column":8},"end":{"line":43,"column":53}},"12":{"start":{"line":45,"column":8},"end":{"line":51,"column":9}},"13":{"start":{"line":46,"column":12},"end":{"line":46,"column":59}},"14":{"start":{"line":48,"column":12},"end":{"line":48,"column":35}},"15":{"start":{"line":49,"column":12},"end":{"line":49,"column":49}},"16":{"start":{"line":50,"column":12},"end":{"line":50,"column":43}}},"branchMap":{"1":{"line":25,"type":"binary-expr","locations":[{"start":{"line":25,"column":23},"end":{"line":25,"column":62}},{"start":{"line":26,"column":20},"end":{"line":26,"column":70}},{"start":{"line":27,"column":20},"end":{"line":27,"column":71}},{"start":{"line":28,"column":20},"end":{"line":28,"column":29}}]},"2":{"line":30,"type":"binary-expr","locations":[{"start":{"line":30,"column":23},"end":{"line":30,"column":37}},{"start":{"line":31,"column":20},"end":{"line":31,"column":61}},{"start":{"line":32,"column":20},"end":{"line":32,"column":70}},{"start":{"line":33,"column":20},"end":{"line":33,"column":26}}]},"3":{"line":37,"type":"cond-expr","locations":[{"start":{"line":38,"column":14},"end":{"line":38,"column":20}},{"start":{"line":39,"column":14},"end":{"line":39,"column":20}}]},"4":{"line":41,"type":"binary-expr","locations":[{"start":{"line":41,"column":16},"end":{"line":41,"column":44}},{"start":{"line":41,"column":48},"end":{"line":41,"column":53}}]},"5":{"line":45,"type":"if","locations":[{"start":{"line":45,"column":8},"end":{"line":45,"column":8}},{"start":{"line":45,"column":8},"end":{"line":45,"column":8}}]}},"code":["/* istanbul instrument in package npmtest_node_ssh */","/*jslint","    bitwise: true,","    browser: true,","    maxerr: 8,","    maxlen: 96,","    node: true,","    nomen: true,","    regexp: true,","    stupid: true","*/","(function () {","    'use strict';","    var local;","","","","    // run shared js-env code - pre-init","    (function () {","        // init local","        local = {};","        // init modeJs","        local.modeJs = (function () {","            try {","                return typeof navigator.userAgent === 'string' &&","                    typeof document.querySelector('body') === 'object' &&","                    typeof XMLHttpRequest.prototype.open === 'function' &&","                    'browser';","            } catch (errorCaughtBrowser) {","                return module.exports &&","                    typeof process.versions.node === 'string' &&","                    typeof require('http').createServer === 'function' &&","                    'node';","            }","        }());","        // init global","        local.global = local.modeJs === 'browser'","            ? window","            : global;","        // init utility2_rollup","        local = local.global.utility2_rollup || local;","        // init lib","        local.local = local.npmtest_node_ssh = local;","        // init exports","        if (local.modeJs === 'browser') {","            local.global.utility2_npmtest_node_ssh = local;","        } else {","            module.exports = local;","            module.exports.__dirname = __dirname;","            module.exports.module = module;","        }","    }());","}());",""],"l":{"12":2,"14":2,"19":2,"21":2,"23":2,"24":2,"25":2,"30":1,"37":2,"41":2,"43":2,"45":2,"46":1,"48":1,"49":1,"50":1}},"/home/travis/build/npmtest/node-npmtest-node-ssh/example.js":{"path":"/home/travis/build/npmtest/node-npmtest-node-ssh/example.js","s":{"1":2,"2":2,"3":2,"4":2,"5":2,"6":2,"7":2,"8":1,"9":2,"10":2,"11":2,"12":2,"13":1,"14":2,"15":2,"16":2,"17":2,"18":2,"19":0,"20":2,"21":1,"22":1,"23":1,"24":1,"25":1,"26":0,"27":0,"28":1,"29":1,"30":2,"31":0,"32":0,"33":0,"34":1,"35":2,"36":2,"37":3,"38":3,"39":3,"40":3,"41":0,"42":3,"43":3,"44":3,"45":1,"46":3,"47":1,"48":1,"49":1,"50":1,"51":1,"52":1,"53":1,"54":1,"55":1,"56":1,"57":0,"58":1,"59":6,"60":6,"61":1,"62":2,"63":0,"64":2,"65":1,"66":1,"67":0,"68":0,"69":0,"70":0,"71":0,"72":0,"73":0,"74":0,"75":0,"76":0,"77":0,"78":0,"79":0,"80":0,"81":0,"82":0,"83":0},"b":{"1":[2,1,1,1],"2":[1,1,1,1],"3":[1,1],"4":[2,2],"5":[1,1],"6":[1,1],"7":[2,0],"8":[2,1,1,1,1,1],"9":[0,2,0],"10":[1,1],"11":[2,1,1],"12":[1,0],"13":[0,2],"14":[2,0,0,0,0,0,0],"15":[0,3],"16":[3,0],"17":[1,1],"18":[0,1],"19":[1,2,0,2],"20":[1,0],"21":[1,1],"22":[0,0],"23":[0,0],"24":[0,0],"25":[0,0],"26":[0,0],"27":[0,0],"28":[0,0]},"f":{"1":2,"2":2,"3":2,"4":2,"5":2,"6":2,"7":3,"8":3,"9":3,"10":1,"11":6,"12":0},"fnMap":{"1":{"name":"(anonymous_1)","line":26,"loc":{"start":{"line":26,"column":1},"end":{"line":26,"column":13}}},"2":{"name":"(anonymous_2)","line":33,"loc":{"start":{"line":33,"column":5},"end":{"line":33,"column":17}}},"3":{"name":"(anonymous_3)","line":37,"loc":{"start":{"line":37,"column":24},"end":{"line":37,"column":36}}},"4":{"name":"(anonymous_4)","line":69,"loc":{"start":{"line":69,"column":31},"end":{"line":69,"column":48}},"skip":true},"5":{"name":"(anonymous_5)","line":78,"loc":{"start":{"line":78,"column":26},"end":{"line":78,"column":45}},"skip":true},"6":{"name":"(anonymous_6)","line":123,"loc":{"start":{"line":123,"column":33},"end":{"line":123,"column":48}},"skip":true},"7":{"name":"(anonymous_7)","line":125,"loc":{"start":{"line":125,"column":27},"end":{"line":125,"column":39}},"skip":true},"8":{"name":"(anonymous_8)","line":133,"loc":{"start":{"line":133,"column":59},"end":{"line":133,"column":74}},"skip":true},"9":{"name":"(anonymous_9)","line":143,"loc":{"start":{"line":143,"column":45},"end":{"line":143,"column":62}},"skip":true},"10":{"name":"(anonymous_10)","line":144,"loc":{"start":{"line":144,"column":73},"end":{"line":144,"column":92}},"skip":true},"11":{"name":"(anonymous_11)","line":272,"loc":{"start":{"line":272,"column":51},"end":{"line":272,"column":77}},"skip":true},"12":{"name":"(anonymous_12)","line":315,"loc":{"start":{"line":315,"column":32},"end":{"line":315,"column":61}},"skip":true}},"statementMap":{"1":{"start":{"line":26,"column":0},"end":{"line":326,"column":5}},"2":{"start":{"line":28,"column":4},"end":{"line":28,"column":14}},"3":{"start":{"line":33,"column":4},"end":{"line":60,"column":9}},"4":{"start":{"line":35,"column":8},"end":{"line":35,"column":19}},"5":{"start":{"line":37,"column":8},"end":{"line":49,"column":13}},"6":{"start":{"line":38,"column":12},"end":{"line":48,"column":13}},"7":{"start":{"line":39,"column":16},"end":{"line":42,"column":30}},"8":{"start":{"line":44,"column":16},"end":{"line":47,"column":27}},"9":{"start":{"line":51,"column":8},"end":{"line":53,"column":21}},"10":{"start":{"line":55,"column":8},"end":{"line":57,"column":45}},"11":{"start":{"line":59,"column":8},"end":{"line":59,"column":35}},"12":{"start":{"line":61,"column":4},"end":{"line":325,"column":5}},"13":{"start":{"line":69,"column":8},"end":{"line":121,"column":10},"skip":true},"14":{"start":{"line":70,"column":12},"end":{"line":88,"column":13},"skip":true},"15":{"start":{"line":76,"column":16},"end":{"line":87,"column":19},"skip":true},"16":{"start":{"line":79,"column":20},"end":{"line":86,"column":21},"skip":true},"17":{"start":{"line":82,"column":24},"end":{"line":82,"column":43},"skip":true},"18":{"start":{"line":83,"column":24},"end":{"line":83,"column":30},"skip":true},"19":{"start":{"line":85,"column":24},"end":{"line":85,"column":49},"skip":true},"20":{"start":{"line":89,"column":12},"end":{"line":107,"column":13},"skip":true},"21":{"start":{"line":92,"column":16},"end":{"line":102,"column":17},"skip":true},"22":{"start":{"line":93,"column":20},"end":{"line":93,"column":86},"skip":true},"23":{"start":{"line":94,"column":20},"end":{"line":95,"column":45},"skip":true},"24":{"start":{"line":96,"column":20},"end":{"line":96,"column":42},"skip":true},"25":{"start":{"line":97,"column":20},"end":{"line":97,"column":48},"skip":true},"26":{"start":{"line":100,"column":20},"end":{"line":100,"column":85},"skip":true},"27":{"start":{"line":101,"column":20},"end":{"line":101,"column":96},"skip":true},"28":{"start":{"line":103,"column":16},"end":{"line":103,"column":22},"skip":true},"29":{"start":{"line":106,"column":16},"end":{"line":106,"column":22},"skip":true},"30":{"start":{"line":108,"column":12},"end":{"line":120,"column":13},"skip":true},"31":{"start":{"line":114,"column":16},"end":{"line":119,"column":17},"skip":true},"32":{"start":{"line":116,"column":20},"end":{"line":116,"column":78},"skip":true},"33":{"start":{"line":118,"column":20},"end":{"line":118,"column":47},"skip":true},"34":{"start":{"line":123,"column":8},"end":{"line":141,"column":11},"skip":true},"35":{"start":{"line":124,"column":12},"end":{"line":124,"column":54},"skip":true},"36":{"start":{"line":125,"column":12},"end":{"line":140,"column":14},"skip":true},"37":{"start":{"line":126,"column":16},"end":{"line":126,"column":28},"skip":true},"38":{"start":{"line":127,"column":16},"end":{"line":127,"column":69},"skip":true},"39":{"start":{"line":128,"column":16},"end":{"line":128,"column":75},"skip":true},"40":{"start":{"line":129,"column":16},"end":{"line":131,"column":17},"skip":true},"41":{"start":{"line":130,"column":20},"end":{"line":130,"column":27},"skip":true},"42":{"start":{"line":133,"column":16},"end":{"line":137,"column":36},"skip":true},"43":{"start":{"line":134,"column":20},"end":{"line":136,"column":55},"skip":true},"44":{"start":{"line":139,"column":16},"end":{"line":139,"column":57},"skip":true},"45":{"start":{"line":143,"column":8},"end":{"line":147,"column":11},"skip":true},"46":{"start":{"line":144,"column":12},"end":{"line":146,"column":15},"skip":true},"47":{"start":{"line":145,"column":16},"end":{"line":145,"column":70},"skip":true},"48":{"start":{"line":149,"column":8},"end":{"line":149,"column":31},"skip":true},"49":{"start":{"line":150,"column":8},"end":{"line":150,"column":14},"skip":true},"50":{"start":{"line":158,"column":8},"end":{"line":158,"column":31},"skip":true},"51":{"start":{"line":160,"column":8},"end":{"line":160,"column":33},"skip":true},"52":{"start":{"line":161,"column":8},"end":{"line":161,"column":37},"skip":true},"53":{"start":{"line":162,"column":8},"end":{"line":162,"column":35},"skip":true},"54":{"start":{"line":164,"column":8},"end":{"line":164,"column":50},"skip":true},"55":{"start":{"line":166,"column":8},"end":{"line":256,"column":2},"skip":true},"56":{"start":{"line":258,"column":8},"end":{"line":286,"column":9},"skip":true},"57":{"start":{"line":259,"column":12},"end":{"line":269,"column":14},"skip":true},"58":{"start":{"line":271,"column":12},"end":{"line":285,"column":19},"skip":true},"59":{"start":{"line":274,"column":20},"end":{"line":274,"column":35},"skip":true},"60":{"start":{"line":275,"column":20},"end":{"line":284,"column":21},"skip":true},"61":{"start":{"line":277,"column":24},"end":{"line":277,"column":64},"skip":true},"62":{"start":{"line":279,"column":24},"end":{"line":279,"column":40},"skip":true},"63":{"start":{"line":281,"column":24},"end":{"line":281,"column":40},"skip":true},"64":{"start":{"line":283,"column":24},"end":{"line":283,"column":39},"skip":true},"65":{"start":{"line":288,"column":8},"end":{"line":290,"column":9},"skip":true},"66":{"start":{"line":289,"column":12},"end":{"line":289,"column":18},"skip":true},"67":{"start":{"line":291,"column":8},"end":{"line":293,"column":54},"skip":true},"68":{"start":{"line":296,"column":8},"end":{"line":301,"column":37},"skip":true},"69":{"start":{"line":303,"column":8},"end":{"line":303,"column":82},"skip":true},"70":{"start":{"line":306,"column":8},"end":{"line":308,"column":9},"skip":true},"71":{"start":{"line":307,"column":12},"end":{"line":307,"column":82},"skip":true},"72":{"start":{"line":310,"column":8},"end":{"line":312,"column":9},"skip":true},"73":{"start":{"line":311,"column":12},"end":{"line":311,"column":18},"skip":true},"74":{"start":{"line":313,"column":8},"end":{"line":313,"column":54},"skip":true},"75":{"start":{"line":314,"column":8},"end":{"line":314,"column":69},"skip":true},"76":{"start":{"line":315,"column":8},"end":{"line":323,"column":36},"skip":true},"77":{"start":{"line":316,"column":12},"end":{"line":316,"column":61},"skip":true},"78":{"start":{"line":317,"column":12},"end":{"line":320,"column":13},"skip":true},"79":{"start":{"line":318,"column":16},"end":{"line":318,"column":75},"skip":true},"80":{"start":{"line":319,"column":16},"end":{"line":319,"column":23},"skip":true},"81":{"start":{"line":321,"column":12},"end":{"line":321,"column":38},"skip":true},"82":{"start":{"line":322,"column":12},"end":{"line":322,"column":27},"skip":true},"83":{"start":{"line":324,"column":8},"end":{"line":324,"column":14},"skip":true}},"branchMap":{"1":{"line":39,"type":"binary-expr","locations":[{"start":{"line":39,"column":23},"end":{"line":39,"column":62}},{"start":{"line":40,"column":20},"end":{"line":40,"column":70}},{"start":{"line":41,"column":20},"end":{"line":41,"column":71}},{"start":{"line":42,"column":20},"end":{"line":42,"column":29}}]},"2":{"line":44,"type":"binary-expr","locations":[{"start":{"line":44,"column":23},"end":{"line":44,"column":37}},{"start":{"line":45,"column":20},"end":{"line":45,"column":61}},{"start":{"line":46,"column":20},"end":{"line":46,"column":70}},{"start":{"line":47,"column":20},"end":{"line":47,"column":26}}]},"3":{"line":51,"type":"cond-expr","locations":[{"start":{"line":52,"column":14},"end":{"line":52,"column":20}},{"start":{"line":53,"column":14},"end":{"line":53,"column":20}}]},"4":{"line":55,"type":"binary-expr","locations":[{"start":{"line":55,"column":16},"end":{"line":55,"column":44}},{"start":{"line":55,"column":49},"end":{"line":57,"column":43}}]},"5":{"line":55,"type":"cond-expr","locations":[{"start":{"line":56,"column":14},"end":{"line":56,"column":52}},{"start":{"line":57,"column":14},"end":{"line":57,"column":43}}]},"6":{"line":61,"type":"switch","locations":[{"start":{"line":68,"column":4},"end":{"line":150,"column":14},"skip":true},{"start":{"line":156,"column":4},"end":{"line":324,"column":14},"skip":true}]},"7":{"line":70,"type":"if","locations":[{"start":{"line":70,"column":12},"end":{"line":70,"column":12},"skip":true},{"start":{"line":70,"column":12},"end":{"line":70,"column":12},"skip":true}]},"8":{"line":70,"type":"binary-expr","locations":[{"start":{"line":70,"column":16},"end":{"line":70,"column":22},"skip":true},{"start":{"line":70,"column":27},"end":{"line":70,"column":32},"skip":true},{"start":{"line":71,"column":20},"end":{"line":71,"column":39},"skip":true},{"start":{"line":72,"column":20},"end":{"line":72,"column":49},"skip":true},{"start":{"line":73,"column":20},"end":{"line":73,"column":58},"skip":true},{"start":{"line":74,"column":20},"end":{"line":74,"column":69},"skip":true}]},"9":{"line":79,"type":"switch","locations":[{"start":{"line":80,"column":20},"end":{"line":80,"column":33},"skip":true},{"start":{"line":81,"column":20},"end":{"line":83,"column":30},"skip":true},{"start":{"line":84,"column":20},"end":{"line":85,"column":49},"skip":true}]},"10":{"line":89,"type":"switch","locations":[{"start":{"line":90,"column":12},"end":{"line":103,"column":22},"skip":true},{"start":{"line":105,"column":12},"end":{"line":106,"column":22},"skip":true}]},"11":{"line":89,"type":"binary-expr","locations":[{"start":{"line":89,"column":20},"end":{"line":89,"column":25},"skip":true},{"start":{"line":89,"column":29},"end":{"line":89,"column":48},"skip":true},{"start":{"line":89,"column":52},"end":{"line":89,"column":74},"skip":true}]},"12":{"line":92,"type":"if","locations":[{"start":{"line":92,"column":16},"end":{"line":92,"column":16},"skip":true},{"start":{"line":92,"column":16},"end":{"line":92,"column":16},"skip":true}]},"13":{"line":108,"type":"if","locations":[{"start":{"line":108,"column":12},"end":{"line":108,"column":12},"skip":true},{"start":{"line":108,"column":12},"end":{"line":108,"column":12},"skip":true}]},"14":{"line":108,"type":"binary-expr","locations":[{"start":{"line":108,"column":16},"end":{"line":108,"column":61},"skip":true},{"start":{"line":108,"column":66},"end":{"line":108,"column":72},"skip":true},{"start":{"line":108,"column":77},"end":{"line":108,"column":82},"skip":true},{"start":{"line":109,"column":20},"end":{"line":109,"column":39},"skip":true},{"start":{"line":110,"column":20},"end":{"line":110,"column":49},"skip":true},{"start":{"line":111,"column":20},"end":{"line":111,"column":58},"skip":true},{"start":{"line":112,"column":20},"end":{"line":112,"column":68},"skip":true}]},"15":{"line":129,"type":"if","locations":[{"start":{"line":129,"column":16},"end":{"line":129,"column":16},"skip":true},{"start":{"line":129,"column":16},"end":{"line":129,"column":16},"skip":true}]},"16":{"line":134,"type":"cond-expr","locations":[{"start":{"line":135,"column":26},"end":{"line":135,"column":29},"skip":true},{"start":{"line":136,"column":26},"end":{"line":136,"column":54},"skip":true}]},"17":{"line":164,"type":"binary-expr","locations":[{"start":{"line":164,"column":27},"end":{"line":164,"column":43},"skip":true},{"start":{"line":164,"column":47},"end":{"line":164,"column":49},"skip":true}]},"18":{"line":258,"type":"if","locations":[{"start":{"line":258,"column":8},"end":{"line":258,"column":8},"skip":true},{"start":{"line":258,"column":8},"end":{"line":258,"column":8},"skip":true}]},"19":{"line":275,"type":"switch","locations":[{"start":{"line":276,"column":20},"end":{"line":277,"column":64},"skip":true},{"start":{"line":278,"column":20},"end":{"line":279,"column":40},"skip":true},{"start":{"line":280,"column":20},"end":{"line":281,"column":40},"skip":true},{"start":{"line":282,"column":20},"end":{"line":283,"column":39},"skip":true}]},"20":{"line":288,"type":"if","locations":[{"start":{"line":288,"column":8},"end":{"line":288,"column":8},"skip":true},{"start":{"line":288,"column":8},"end":{"line":288,"column":8},"skip":true}]},"21":{"line":288,"type":"binary-expr","locations":[{"start":{"line":288,"column":12},"end":{"line":288,"column":40},"skip":true},{"start":{"line":288,"column":44},"end":{"line":288,"column":67},"skip":true}]},"22":{"line":292,"type":"binary-expr","locations":[{"start":{"line":292,"column":12},"end":{"line":292,"column":50},"skip":true},{"start":{"line":293,"column":12},"end":{"line":293,"column":53},"skip":true}]},"23":{"line":297,"type":"binary-expr","locations":[{"start":{"line":297,"column":12},"end":{"line":297,"column":66},"skip":true},{"start":{"line":298,"column":12},"end":{"line":301,"column":36},"skip":true}]},"24":{"line":303,"type":"binary-expr","locations":[{"start":{"line":303,"column":43},"end":{"line":303,"column":75},"skip":true},{"start":{"line":303,"column":79},"end":{"line":303,"column":81},"skip":true}]},"25":{"line":306,"type":"if","locations":[{"start":{"line":306,"column":8},"end":{"line":306,"column":8},"skip":true},{"start":{"line":306,"column":8},"end":{"line":306,"column":8},"skip":true}]},"26":{"line":310,"type":"if","locations":[{"start":{"line":310,"column":8},"end":{"line":310,"column":8},"skip":true},{"start":{"line":310,"column":8},"end":{"line":310,"column":8},"skip":true}]},"27":{"line":313,"type":"binary-expr","locations":[{"start":{"line":313,"column":27},"end":{"line":313,"column":43},"skip":true},{"start":{"line":313,"column":47},"end":{"line":313,"column":53},"skip":true}]},"28":{"line":317,"type":"if","locations":[{"start":{"line":317,"column":12},"end":{"line":317,"column":12},"skip":true},{"start":{"line":317,"column":12},"end":{"line":317,"column":12},"skip":true}]}},"code":["/*","example.js","","quickstart example","","instruction","    1. save this script as example.js","    2. run the shell command:","        $ npm install npmtest-node-ssh && PORT=8081 node example.js","    3. play with the browser-demo on http://127.0.0.1:8081","*/","","","","/* istanbul instrument in package npmtest_node_ssh */","/*jslint","    bitwise: true,","    browser: true,","    maxerr: 8,","    maxlen: 96,","    node: true,","    nomen: true,","    regexp: true,","    stupid: true","*/","(function () {","    'use strict';","    var local;","","","","    // run shared js-env code - pre-init","    (function () {","        // init local","        local = {};","        // init modeJs","        local.modeJs = (function () {","            try {","                return typeof navigator.userAgent === 'string' &&","                    typeof document.querySelector('body') === 'object' &&","                    typeof XMLHttpRequest.prototype.open === 'function' &&","                    'browser';","            } catch (errorCaughtBrowser) {","                return module.exports &&","                    typeof process.versions.node === 'string' &&","                    typeof require('http').createServer === 'function' &&","                    'node';","            }","        }());","        // init global","        local.global = local.modeJs === 'browser'","            ? window","            : global;","        // init utility2_rollup","        local = local.global.utility2_rollup || (local.modeJs === 'browser'","            ? local.global.utility2_npmtest_node_ssh","            : global.utility2_moduleExports);","        // export local","        local.global.local = local;","    }());","    switch (local.modeJs) {","","","","    // post-init","    // run browser js-env code - post-init","    /* istanbul ignore next */","    case 'browser':","        local.testRunBrowser = function (event) {","            if (!event || (event &&","                    event.currentTarget &&","                    event.currentTarget.className &&","                    event.currentTarget.className.includes &&","                    event.currentTarget.className.includes('onreset'))) {","                // reset output","                Array.from(","                    document.querySelectorAll('body > .resettable')","                ).forEach(function (element) {","                    switch (element.tagName) {","                    case 'INPUT':","                    case 'TEXTAREA':","                        element.value = '';","                        break;","                    default:","                        element.textContent = '';","                    }","                });","            }","            switch (event && event.currentTarget && event.currentTarget.id) {","            case 'testRunButton1':","                // show tests","                if (document.querySelector('#testReportDiv1').style.display === 'none') {","                    document.querySelector('#testReportDiv1').style.display = 'block';","                    document.querySelector('#testRunButton1').textContent =","                        'hide internal test';","                    local.modeTest = true;","                    local.testRunDefault(local);","                // hide tests","                } else {","                    document.querySelector('#testReportDiv1').style.display = 'none';","                    document.querySelector('#testRunButton1').textContent = 'run internal test';","                }","                break;","            // custom-case","            default:","                break;","            }","            if (document.querySelector('#inputTextareaEval1') && (!event || (event &&","                    event.currentTarget &&","                    event.currentTarget.className &&","                    event.currentTarget.className.includes &&","                    event.currentTarget.className.includes('oneval')))) {","                // try to eval input-code","                try {","                    /*jslint evil: true*/","                    eval(document.querySelector('#inputTextareaEval1').value);","                } catch (errorCaught) {","                    console.error(errorCaught);","                }","            }","        };","        // log stderr and stdout to #outputTextareaStdout1","        ['error', 'log'].forEach(function (key) {","            console[key + '_original'] = console[key];","            console[key] = function () {","                var element;","                console[key + '_original'].apply(console, arguments);","                element = document.querySelector('#outputTextareaStdout1');","                if (!element) {","                    return;","                }","                // append text to #outputTextareaStdout1","                element.value += Array.from(arguments).map(function (arg) {","                    return typeof arg === 'string'","                        ? arg","                        : JSON.stringify(arg, null, 4);","                }).join(' ') + '\\n';","                // scroll textarea to bottom","                element.scrollTop = element.scrollHeight;","            };","        });","        // init event-handling","        ['change', 'click', 'keyup'].forEach(function (event) {","            Array.from(document.querySelectorAll('.on' + event)).forEach(function (element) {","                element.addEventListener(event, local.testRunBrowser);","            });","        });","        // run tests","        local.testRunBrowser();","        break;","","","","    // run node js-env code - post-init","    /* istanbul ignore next */","    case 'node':","        // export local","        module.exports = local;","        // require modules","        local.fs = require('fs');","        local.http = require('http');","        local.url = require('url');","        // init assets","        local.assetsDict = local.assetsDict || {};","        /* jslint-ignore-begin */","        local.assetsDict['/assets.index.template.html'] = '\\","<!doctype html>\\n\\","<html lang=\"en\">\\n\\","<head>\\n\\","<meta charset=\"UTF-8\">\\n\\","<meta name=\"viewport\" content=\"width=device-width, initial-scale=1\">\\n\\","<title>{{env.npm_package_name}} (v{{env.npm_package_version}})</title>\\n\\","<style>\\n\\","/*csslint\\n\\","    box-sizing: false,\\n\\","    universal-selector: false\\n\\","*/\\n\\","* {\\n\\","    box-sizing: border-box;\\n\\","}\\n\\","body {\\n\\","    background: #dde;\\n\\","    font-family: Arial, Helvetica, sans-serif;\\n\\","    margin: 2rem;\\n\\","}\\n\\","body > * {\\n\\","    margin-bottom: 1rem;\\n\\","}\\n\\",".utility2FooterDiv {\\n\\","    margin-top: 20px;\\n\\","    text-align: center;\\n\\","}\\n\\","</style>\\n\\","<style>\\n\\","/*csslint\\n\\","*/\\n\\","textarea {\\n\\","    font-family: monospace;\\n\\","    height: 10rem;\\n\\","    width: 100%;\\n\\","}\\n\\","textarea[readonly] {\\n\\","    background: #ddd;\\n\\","}\\n\\","</style>\\n\\","</head>\\n\\","<body>\\n\\","<!-- utility2-comment\\n\\","<div id=\"ajaxProgressDiv1\" style=\"background: #d00; height: 2px; left: 0; margin: 0; padding: 0; position: fixed; top: 0; transition: background 0.5s, width 1.5s; width: 25%;\"></div>\\n\\","utility2-comment -->\\n\\","<h1>\\n\\","<!-- utility2-comment\\n\\","    <a\\n\\","        {{#if env.npm_package_homepage}}\\n\\","        href=\"{{env.npm_package_homepage}}\"\\n\\","        {{/if env.npm_package_homepage}}\\n\\","        target=\"_blank\"\\n\\","    >\\n\\","utility2-comment -->\\n\\","        {{env.npm_package_name}} (v{{env.npm_package_version}})\\n\\","<!-- utility2-comment\\n\\","    </a>\\n\\","utility2-comment -->\\n\\","</h1>\\n\\","<h3>{{env.npm_package_description}}</h3>\\n\\","<!-- utility2-comment\\n\\","<h4><a download href=\"assets.app.js\">download standalone app</a></h4>\\n\\","<button class=\"onclick onreset\" id=\"testRunButton1\">run internal test</button><br>\\n\\","<div id=\"testReportDiv1\" style=\"display: none;\"></div>\\n\\","utility2-comment -->\\n\\","\\n\\","\\n\\","\\n\\","<label>stderr and stdout</label>\\n\\","<textarea class=\"resettable\" id=\"outputTextareaStdout1\" readonly></textarea>\\n\\","<!-- utility2-comment\\n\\","{{#if isRollup}}\\n\\","<script src=\"assets.app.js\"></script>\\n\\","{{#unless isRollup}}\\n\\","utility2-comment -->\\n\\","<script src=\"assets.utility2.rollup.js\"></script>\\n\\","<script src=\"jsonp.utility2._stateInit?callback=window.utility2._stateInit\"></script>\\n\\","<script src=\"assets.npmtest_node_ssh.rollup.js\"></script>\\n\\","<script src=\"assets.example.js\"></script>\\n\\","<script src=\"assets.test.js\"></script>\\n\\","<!-- utility2-comment\\n\\","{{/if isRollup}}\\n\\","utility2-comment -->\\n\\","<div class=\"utility2FooterDiv\">\\n\\","    [ this app was created with\\n\\","    <a href=\"https://github.com/kaizhu256/node-utility2\" target=\"_blank\">utility2</a>\\n\\","    ]\\n\\","</div>\\n\\","</body>\\n\\","</html>\\n\\","';","        /* jslint-ignore-end */","        if (local.templateRender) {","            local.assetsDict['/'] = local.templateRender(","                local.assetsDict['/assets.index.template.html'],","                {","                    env: local.objectSetDefault(local.env, {","                        npm_package_description: 'the greatest app in the world!',","                        npm_package_name: 'my-app',","                        npm_package_nameAlias: 'my_app',","                        npm_package_version: '0.0.1'","                    })","                }","            );","        } else {","            local.assetsDict['/'] = local.assetsDict['/assets.index.template.html']","                .replace((/\\{\\{env\\.(\\w+?)\\}\\}/g), function (match0, match1) {","                    // jslint-hack","                    String(match0);","                    switch (match1) {","                    case 'npm_package_description':","                        return 'the greatest app in the world!';","                    case 'npm_package_name':","                        return 'my-app';","                    case 'npm_package_nameAlias':","                        return 'my_app';","                    case 'npm_package_version':","                        return '0.0.1';","                    }","                });","        }","        // run the cli","        if (local.global.utility2_rollup || module !== require.main) {","            break;","        }","        local.assetsDict['/assets.example.js'] =","            local.assetsDict['/assets.example.js'] ||","            local.fs.readFileSync(__filename, 'utf8');","        // bug-workaround - long $npm_package_buildCustomOrg","        /* jslint-ignore-begin */","        local.assetsDict['/assets.npmtest_node_ssh.rollup.js'] =","            local.assetsDict['/assets.npmtest_node_ssh.rollup.js'] ||","            local.fs.readFileSync(","                local.npmtest_node_ssh.__dirname + '/lib.npmtest_node_ssh.js',","                'utf8'","            ).replace((/^#!/), '//');","        /* jslint-ignore-end */","        local.assetsDict['/favicon.ico'] = local.assetsDict['/favicon.ico'] || '';","        // if $npm_config_timeout_exit exists,","        // then exit this process after $npm_config_timeout_exit ms","        if (Number(process.env.npm_config_timeout_exit)) {","            setTimeout(process.exit, Number(process.env.npm_config_timeout_exit));","        }","        // start server","        if (local.global.utility2_serverHttp1) {","            break;","        }","        process.env.PORT = process.env.PORT || '8081';","        console.error('server starting on port ' + process.env.PORT);","        local.http.createServer(function (request, response) {","            request.urlParsed = local.url.parse(request.url);","            if (local.assetsDict[request.urlParsed.pathname] !== undefined) {","                response.end(local.assetsDict[request.urlParsed.pathname]);","                return;","            }","            response.statusCode = 404;","            response.end();","        }).listen(process.env.PORT);","        break;","    }","}());",""],"l":{"26":2,"28":2,"33":2,"35":2,"37":2,"38":2,"39":2,"44":1,"51":2,"55":2,"59":2,"61":2,"69":1,"70":2,"76":2,"79":2,"82":2,"83":2,"85":1,"89":2,"92":1,"93":1,"94":1,"96":1,"97":1,"100":1,"101":1,"103":1,"106":1,"108":2,"114":1,"116":1,"118":1,"123":1,"124":2,"125":2,"126":3,"127":3,"128":3,"129":3,"130":1,"133":3,"134":3,"139":3,"143":1,"144":3,"145":1,"149":1,"150":1,"158":1,"160":1,"161":1,"162":1,"164":1,"166":1,"258":1,"259":1,"271":1,"274":6,"275":6,"277":1,"279":2,"281":1,"283":2,"288":1,"289":1,"291":1,"296":1,"303":1,"306":1,"307":1,"310":1,"311":1,"313":1,"314":1,"315":1,"316":1,"317":1,"318":1,"319":1,"321":1,"322":1,"324":1}},"/home/travis/build/npmtest/node-npmtest-node-ssh/node_modules/node-ssh/lib/index.js":{"path":"/home/travis/build/npmtest/node-npmtest-node-ssh/node_modules/node-ssh/lib/index.js","s":{"1":1,"2":0,"3":0,"4":1,"5":1,"6":1,"7":11,"8":11,"9":11,"10":11,"11":11,"12":11,"13":1,"14":1,"15":1,"16":1,"17":0,"18":1,"19":1,"20":1,"21":1,"22":1,"23":1,"24":1,"25":1,"26":1,"27":1,"28":1,"29":1,"30":1,"31":1,"32":1,"33":1,"34":0,"35":0,"36":0,"37":0,"38":0,"39":0,"40":0,"41":1,"42":5,"43":1,"44":9,"45":0,"46":0,"47":1,"48":0,"49":0,"50":0,"51":0,"52":0,"53":0,"54":0,"55":0,"56":0,"57":0,"58":0,"59":1,"60":0,"61":0,"62":1,"63":1,"64":0,"65":0,"66":1,"67":0,"68":0,"69":0,"70":0,"71":0,"72":0,"73":0,"74":0,"75":0,"76":0,"77":0,"78":0,"79":0,"80":0,"81":1,"82":0,"83":0,"84":0,"85":0,"86":1,"87":0,"88":1,"89":1,"90":0,"91":0,"92":0,"93":0,"94":1,"95":0,"96":1,"97":1,"98":0,"99":0,"100":0,"101":0,"102":0,"103":0,"104":0,"105":0,"106":0,"107":0,"108":0,"109":0,"110":0,"111":0,"112":0,"113":0,"114":0,"115":0,"116":0,"117":0,"118":0,"119":1,"120":0,"121":1,"122":1,"123":0,"124":0,"125":0,"126":0,"127":0,"128":0,"129":0,"130":0,"131":0,"132":0,"133":0,"134":0,"135":0,"136":0,"137":0,"138":0,"139":1,"140":0,"141":1,"142":1,"143":0,"144":0,"145":0,"146":0,"147":0,"148":0,"149":0,"150":0,"151":0,"152":0,"153":0,"154":0,"155":0,"156":0,"157":0,"158":0,"159":0,"160":0,"161":0,"162":0,"163":0,"164":0,"165":1,"166":0,"167":1,"168":1,"169":0,"170":0,"171":0,"172":0,"173":0,"174":0,"175":0,"176":0,"177":0,"178":0,"179":0,"180":0,"181":0,"182":0,"183":1,"184":0,"185":1,"186":1,"187":0,"188":0,"189":0,"190":0,"191":0,"192":0,"193":0,"194":0,"195":0,"196":0,"197":0,"198":1,"199":0,"200":0,"201":0,"202":0,"203":0,"204":0,"205":0,"206":0,"207":0,"208":0,"209":1,"210":0,"211":1,"212":1,"213":0,"214":0,"215":0,"216":0,"217":0,"218":0,"219":0,"220":0,"221":0,"222":0,"223":0,"224":0,"225":0,"226":0,"227":0,"228":0,"229":0,"230":0,"231":0,"232":0,"233":0,"234":0,"235":0,"236":0,"237":0,"238":0,"239":0,"240":0,"241":1,"242":0,"243":1,"244":1,"245":0,"246":0,"247":0,"248":0,"249":0,"250":0,"251":0,"252":0,"253":0,"254":0,"255":0,"256":0,"257":0,"258":0,"259":0,"260":0,"261":0,"262":0,"263":0,"264":0,"265":0,"266":0,"267":0,"268":0,"269":0,"270":0,"271":0,"272":0,"273":0,"274":0,"275":0,"276":0,"277":0,"278":0,"279":0,"280":0,"281":0,"282":0,"283":0,"284":0,"285":0,"286":0,"287":0,"288":0,"289":1,"290":0,"291":1,"292":0,"293":0,"294":1,"295":1},"b":{"1":[1,0],"2":[1,1],"3":[0,0],"4":[0,0,0,0],"5":[11,11],"6":[11,0],"7":[1,0],"8":[0,1],"9":[1,0],"10":[1,1],"11":[0,0],"12":[0,0],"13":[0,5],"14":[5,5],"15":[0,0],"16":[0,0],"17":[0,0],"18":[0,0],"19":[0,0],"20":[0,0],"21":[0,0],"22":[0,0],"23":[0,0],"24":[0,0],"25":[0,0],"26":[0,0],"27":[0,0],"28":[0,0],"29":[0,0,0,0],"30":[0,0],"31":[0,0],"32":[0,0],"33":[0,0],"34":[0,0],"35":[0,0],"36":[0,0],"37":[0,0],"38":[0,0],"39":[0,0],"40":[0,0],"41":[0,0],"42":[0,0],"43":[0,0],"44":[0,0],"45":[0,0],"46":[0,0],"47":[0,0],"48":[0,0],"49":[0,0],"50":[0,0],"51":[0,0],"52":[0,0],"53":[0,0],"54":[0,0],"55":[0,0],"56":[0,0],"57":[0,0],"58":[0,0],"59":[0,0],"60":[0,0],"61":[0,0],"62":[0,0],"63":[0,0],"64":[0,0],"65":[0,0],"66":[0,0],"67":[0,0],"68":[0,0],"69":[0,0],"70":[0,0],"71":[0,0],"72":[0,0],"73":[0,0],"74":[0,0],"75":[0,0],"76":[0,0],"77":[0,0],"78":[0,0],"79":[0,0],"80":[0,0],"81":[0,0],"82":[0,0],"83":[0,0],"84":[0,0],"85":[0,0],"86":[0,0],"87":[0,0],"88":[0,0],"89":[0,0],"90":[0,0],"91":[0,0],"92":[0,0],"93":[0,0],"94":[0,0],"95":[0,0],"96":[0,0],"97":[0,0],"98":[0,0],"99":[0,0],"100":[0,0],"101":[0,0],"102":[0,0],"103":[0,0],"104":[0,0],"105":[0,0],"106":[0,0],"107":[0,0],"108":[0,0],"109":[0,0],"110":[0,0],"111":[0,0],"112":[0,0],"113":[0,0],"114":[0,0],"115":[0,0],"116":[0,0],"117":[0,0]},"f":{"1":0,"2":0,"3":1,"4":1,"5":1,"6":1,"7":5,"8":9,"9":0,"10":0,"11":0,"12":0,"13":0,"14":0,"15":1,"16":0,"17":0,"18":0,"19":0,"20":0,"21":0,"22":0,"23":1,"24":0,"25":0,"26":0,"27":1,"28":0,"29":0,"30":0,"31":1,"32":0,"33":0,"34":0,"35":0,"36":0,"37":1,"38":0,"39":0,"40":1,"41":0,"42":0,"43":0,"44":0,"45":0,"46":0,"47":0,"48":1,"49":0,"50":0,"51":0,"52":1,"53":0,"54":0,"55":0,"56":0,"57":0,"58":0,"59":1,"60":0,"61":0,"62":0,"63":1,"64":0,"65":0,"66":0,"67":0,"68":0,"69":0,"70":0,"71":0,"72":0},"fnMap":{"1":{"name":"(anonymous_1)","line":3,"loc":{"start":{"line":3,"column":84},"end":{"line":3,"column":99}}},"2":{"name":"(anonymous_2)","line":3,"loc":{"start":{"line":3,"column":124},"end":{"line":3,"column":139}}},"3":{"name":"(anonymous_3)","line":5,"loc":{"start":{"line":5,"column":19},"end":{"line":5,"column":31}}},"4":{"name":"defineProperties","line":5,"loc":{"start":{"line":5,"column":33},"end":{"line":5,"column":74}}},"5":{"name":"(anonymous_5)","line":5,"loc":{"start":{"line":5,"column":357},"end":{"line":5,"column":405}}},"6":{"name":"_interopRequireWildcard","line":31,"loc":{"start":{"line":31,"column":0},"end":{"line":31,"column":38}}},"7":{"name":"_interopRequireDefault","line":33,"loc":{"start":{"line":33,"column":0},"end":{"line":33,"column":37}}},"8":{"name":"_asyncToGenerator","line":35,"loc":{"start":{"line":35,"column":0},"end":{"line":35,"column":31}}},"9":{"name":"(anonymous_9)","line":35,"loc":{"start":{"line":35,"column":40},"end":{"line":35,"column":52}}},"10":{"name":"(anonymous_10)","line":35,"loc":{"start":{"line":35,"column":110},"end":{"line":35,"column":137}}},"11":{"name":"step","line":35,"loc":{"start":{"line":35,"column":139},"end":{"line":35,"column":163}}},"12":{"name":"(anonymous_12)","line":35,"loc":{"start":{"line":35,"column":341},"end":{"line":35,"column":358}}},"13":{"name":"(anonymous_13)","line":35,"loc":{"start":{"line":35,"column":384},"end":{"line":35,"column":399}}},"14":{"name":"_classCallCheck","line":37,"loc":{"start":{"line":37,"column":0},"end":{"line":37,"column":48}}},"15":{"name":"(anonymous_15)","line":39,"loc":{"start":{"line":39,"column":10},"end":{"line":39,"column":22}}},"16":{"name":"SSH","line":40,"loc":{"start":{"line":40,"column":2},"end":{"line":40,"column":17}}},"17":{"name":"connect","line":48,"loc":{"start":{"line":48,"column":11},"end":{"line":48,"column":41}}},"18":{"name":"(anonymous_18)","line":53,"loc":{"start":{"line":53,"column":25},"end":{"line":53,"column":44}}},"19":{"name":"(anonymous_19)","line":55,"loc":{"start":{"line":55,"column":14},"end":{"line":55,"column":32}}},"20":{"name":"(anonymous_20)","line":56,"loc":{"start":{"line":56,"column":27},"end":{"line":56,"column":54}}},"21":{"name":"(anonymous_21)","line":58,"loc":{"start":{"line":58,"column":33},"end":{"line":58,"column":45}}},"22":{"name":"(anonymous_22)","line":62,"loc":{"start":{"line":62,"column":31},"end":{"line":62,"column":43}}},"23":{"name":"(anonymous_23)","line":73,"loc":{"start":{"line":73,"column":11},"end":{"line":73,"column":23}}},"24":{"name":"(anonymous_24)","line":74,"loc":{"start":{"line":74,"column":35},"end":{"line":74,"column":48}}},"25":{"name":"(anonymous_25)","line":77,"loc":{"start":{"line":77,"column":27},"end":{"line":77,"column":54}}},"26":{"name":"requestShell","line":82,"loc":{"start":{"line":82,"column":6},"end":{"line":82,"column":30}}},"27":{"name":"(anonymous_27)","line":90,"loc":{"start":{"line":90,"column":11},"end":{"line":90,"column":23}}},"28":{"name":"(anonymous_28)","line":91,"loc":{"start":{"line":91,"column":36},"end":{"line":91,"column":49}}},"29":{"name":"(anonymous_29)","line":94,"loc":{"start":{"line":94,"column":27},"end":{"line":94,"column":54}}},"30":{"name":"requestSFTP","line":99,"loc":{"start":{"line":99,"column":6},"end":{"line":99,"column":29}}},"31":{"name":"(anonymous_31)","line":107,"loc":{"start":{"line":107,"column":11},"end":{"line":107,"column":23}}},"32":{"name":"(anonymous_32)","line":108,"loc":{"start":{"line":108,"column":36},"end":{"line":108,"column":53}}},"33":{"name":"makeSftpDirectory","line":125,"loc":{"start":{"line":125,"column":34},"end":{"line":125,"column":68}}},"34":{"name":"(anonymous_34)","line":126,"loc":{"start":{"line":126,"column":55},"end":{"line":126,"column":72}}},"35":{"name":"(anonymous_35)","line":128,"loc":{"start":{"line":128,"column":85},"end":{"line":128,"column":97}}},"36":{"name":"mkdir","line":145,"loc":{"start":{"line":145,"column":6},"end":{"line":145,"column":25}}},"37":{"name":"(anonymous_37)","line":153,"loc":{"start":{"line":153,"column":11},"end":{"line":153,"column":23}}},"38":{"name":"(anonymous_38)","line":154,"loc":{"start":{"line":154,"column":36},"end":{"line":154,"column":56}}},"39":{"name":"exec","line":178,"loc":{"start":{"line":178,"column":6},"end":{"line":178,"column":25}}},"40":{"name":"(anonymous_40)","line":186,"loc":{"start":{"line":186,"column":11},"end":{"line":186,"column":23}}},"41":{"name":"(anonymous_41)","line":187,"loc":{"start":{"line":187,"column":36},"end":{"line":187,"column":61}}},"42":{"name":"(anonymous_42)","line":203,"loc":{"start":{"line":203,"column":27},"end":{"line":203,"column":54}}},"43":{"name":"(anonymous_43)","line":204,"loc":{"start":{"line":204,"column":60},"end":{"line":204,"column":78}}},"44":{"name":"(anonymous_44)","line":205,"loc":{"start":{"line":205,"column":30},"end":{"line":205,"column":47}}},"45":{"name":"(anonymous_45)","line":208,"loc":{"start":{"line":208,"column":37},"end":{"line":208,"column":54}}},"46":{"name":"(anonymous_46)","line":215,"loc":{"start":{"line":215,"column":31},"end":{"line":215,"column":55}}},"47":{"name":"execCommand","line":222,"loc":{"start":{"line":222,"column":6},"end":{"line":222,"column":32}}},"48":{"name":"(anonymous_48)","line":230,"loc":{"start":{"line":230,"column":11},"end":{"line":230,"column":23}}},"49":{"name":"(anonymous_49)","line":231,"loc":{"start":{"line":231,"column":36},"end":{"line":231,"column":70}}},"50":{"name":"(anonymous_50)","line":245,"loc":{"start":{"line":245,"column":28},"end":{"line":245,"column":55}}},"51":{"name":"getFile","line":255,"loc":{"start":{"line":255,"column":6},"end":{"line":255,"column":34}}},"52":{"name":"(anonymous_52)","line":263,"loc":{"start":{"line":263,"column":11},"end":{"line":263,"column":23}}},"53":{"name":"(anonymous_53)","line":264,"loc":{"start":{"line":264,"column":36},"end":{"line":264,"column":70}}},"54":{"name":"putFile","line":279,"loc":{"start":{"line":279,"column":8},"end":{"line":279,"column":32}}},"55":{"name":"(anonymous_55)","line":280,"loc":{"start":{"line":280,"column":29},"end":{"line":280,"column":56}}},"56":{"name":"(anonymous_56)","line":281,"loc":{"start":{"line":281,"column":88},"end":{"line":281,"column":105}}},"57":{"name":"(anonymous_57)","line":283,"loc":{"start":{"line":283,"column":90},"end":{"line":283,"column":102}}},"58":{"name":"putFile","line":302,"loc":{"start":{"line":302,"column":6},"end":{"line":302,"column":35}}},"59":{"name":"(anonymous_59)","line":310,"loc":{"start":{"line":310,"column":11},"end":{"line":310,"column":23}}},"60":{"name":"(anonymous_60)","line":311,"loc":{"start":{"line":311,"column":36},"end":{"line":311,"column":54}}},"61":{"name":"(anonymous_61)","line":340,"loc":{"start":{"line":340,"column":40},"end":{"line":340,"column":56}}},"62":{"name":"putFiles","line":355,"loc":{"start":{"line":355,"column":6},"end":{"line":355,"column":30}}},"63":{"name":"(anonymous_63)","line":363,"loc":{"start":{"line":363,"column":11},"end":{"line":363,"column":23}}},"64":{"name":"(anonymous_64)","line":364,"loc":{"start":{"line":364,"column":36},"end":{"line":364,"column":80}}},"65":{"name":"(anonymous_65)","line":384,"loc":{"start":{"line":384,"column":108},"end":{"line":384,"column":121}}},"66":{"name":"(anonymous_66)","line":391,"loc":{"start":{"line":391,"column":33},"end":{"line":391,"column":45}}},"67":{"name":"(anonymous_67)","line":392,"loc":{"start":{"line":392,"column":41},"end":{"line":392,"column":58}}},"68":{"name":"(anonymous_68)","line":398,"loc":{"start":{"line":398,"column":55},"end":{"line":398,"column":67}}},"69":{"name":"(anonymous_69)","line":413,"loc":{"start":{"line":413,"column":17},"end":{"line":413,"column":33}}},"70":{"name":"(anonymous_70)","line":427,"loc":{"start":{"line":427,"column":29},"end":{"line":427,"column":42}}},"71":{"name":"putDirectory","line":432,"loc":{"start":{"line":432,"column":6},"end":{"line":432,"column":40}}},"72":{"name":"dispose","line":440,"loc":{"start":{"line":440,"column":11},"end":{"line":440,"column":30}}}},"statementMap":{"1":{"start":{"line":3,"column":0},"end":{"line":3,"column":269}},"2":{"start":{"line":3,"column":101},"end":{"line":3,"column":119}},"3":{"start":{"line":3,"column":141},"end":{"line":3,"column":266}},"4":{"start":{"line":5,"column":0},"end":{"line":5,"column":564}},"5":{"start":{"line":5,"column":33},"end":{"line":5,"column":349}},"6":{"start":{"line":5,"column":76},"end":{"line":5,"column":347}},"7":{"start":{"line":5,"column":117},"end":{"line":5,"column":143}},"8":{"start":{"line":5,"column":144},"end":{"line":5,"column":199}},"9":{"start":{"line":5,"column":200},"end":{"line":5,"column":231}},"10":{"start":{"line":5,"column":232},"end":{"line":5,"column":286}},"11":{"start":{"line":5,"column":259},"end":{"line":5,"column":286}},"12":{"start":{"line":5,"column":287},"end":{"line":5,"column":345}},"13":{"start":{"line":5,"column":350},"end":{"line":5,"column":559}},"14":{"start":{"line":5,"column":407},"end":{"line":5,"column":475}},"15":{"start":{"line":5,"column":423},"end":{"line":5,"column":475}},"16":{"start":{"line":5,"column":476},"end":{"line":5,"column":536}},"17":{"start":{"line":5,"column":493},"end":{"line":5,"column":536}},"18":{"start":{"line":5,"column":537},"end":{"line":5,"column":556}},"19":{"start":{"line":7,"column":0},"end":{"line":7,"column":28}},"20":{"start":{"line":9,"column":0},"end":{"line":9,"column":43}},"21":{"start":{"line":11,"column":0},"end":{"line":11,"column":27}},"22":{"start":{"line":13,"column":0},"end":{"line":13,"column":41}},"23":{"start":{"line":15,"column":0},"end":{"line":15,"column":32}},"24":{"start":{"line":17,"column":0},"end":{"line":17,"column":47}},"25":{"start":{"line":19,"column":0},"end":{"line":19,"column":39}},"26":{"start":{"line":21,"column":0},"end":{"line":21,"column":53}},"27":{"start":{"line":23,"column":0},"end":{"line":23,"column":43}},"28":{"start":{"line":25,"column":0},"end":{"line":25,"column":57}},"29":{"start":{"line":27,"column":0},"end":{"line":27,"column":36}},"30":{"start":{"line":29,"column":0},"end":{"line":29,"column":48}},"31":{"start":{"line":31,"column":0},"end":{"line":31,"column":269}},"32":{"start":{"line":31,"column":40},"end":{"line":31,"column":267}},"33":{"start":{"line":31,"column":69},"end":{"line":31,"column":80}},"34":{"start":{"line":31,"column":90},"end":{"line":31,"column":106}},"35":{"start":{"line":31,"column":107},"end":{"line":31,"column":228}},"36":{"start":{"line":31,"column":126},"end":{"line":31,"column":226}},"37":{"start":{"line":31,"column":149},"end":{"line":31,"column":224}},"38":{"start":{"line":31,"column":201},"end":{"line":31,"column":224}},"39":{"start":{"line":31,"column":229},"end":{"line":31,"column":250}},"40":{"start":{"line":31,"column":251},"end":{"line":31,"column":265}},"41":{"start":{"line":33,"column":0},"end":{"line":33,"column":95}},"42":{"start":{"line":33,"column":39},"end":{"line":33,"column":93}},"43":{"start":{"line":35,"column":0},"end":{"line":35,"column":458}},"44":{"start":{"line":35,"column":33},"end":{"line":35,"column":456}},"45":{"start":{"line":35,"column":54},"end":{"line":35,"column":90}},"46":{"start":{"line":35,"column":91},"end":{"line":35,"column":453}},"47":{"start":{"line":35,"column":139},"end":{"line":35,"column":428}},"48":{"start":{"line":35,"column":165},"end":{"line":35,"column":263}},"49":{"start":{"line":35,"column":171},"end":{"line":35,"column":196}},"50":{"start":{"line":35,"column":197},"end":{"line":35,"column":220}},"51":{"start":{"line":35,"column":239},"end":{"line":35,"column":253}},"52":{"start":{"line":35,"column":254},"end":{"line":35,"column":261}},"53":{"start":{"line":35,"column":264},"end":{"line":35,"column":426}},"54":{"start":{"line":35,"column":281},"end":{"line":35,"column":296}},"55":{"start":{"line":35,"column":306},"end":{"line":35,"column":424}},"56":{"start":{"line":35,"column":360},"end":{"line":35,"column":380}},"57":{"start":{"line":35,"column":401},"end":{"line":35,"column":420}},"58":{"start":{"line":35,"column":429},"end":{"line":35,"column":449}},"59":{"start":{"line":37,"column":0},"end":{"line":37,"column":153}},"60":{"start":{"line":37,"column":50},"end":{"line":37,"column":151}},"61":{"start":{"line":37,"column":92},"end":{"line":37,"column":149}},"62":{"start":{"line":39,"column":0},"end":{"line":448,"column":4}},"63":{"start":{"line":40,"column":2},"end":{"line":44,"column":3}},"64":{"start":{"line":41,"column":4},"end":{"line":41,"column":31}},"65":{"start":{"line":43,"column":4},"end":{"line":43,"column":27}},"66":{"start":{"line":46,"column":2},"end":{"line":445,"column":6}},"67":{"start":{"line":49,"column":6},"end":{"line":49,"column":23}},"68":{"start":{"line":51,"column":6},"end":{"line":51,"column":43}},"69":{"start":{"line":52,"column":6},"end":{"line":52,"column":35}},"70":{"start":{"line":53,"column":6},"end":{"line":69,"column":9}},"71":{"start":{"line":54,"column":8},"end":{"line":54,"column":54}},"72":{"start":{"line":56,"column":8},"end":{"line":68,"column":11}},"73":{"start":{"line":57,"column":10},"end":{"line":57,"column":41}},"74":{"start":{"line":58,"column":10},"end":{"line":61,"column":13}},"75":{"start":{"line":59,"column":12},"end":{"line":59,"column":55}},"76":{"start":{"line":60,"column":12},"end":{"line":60,"column":27}},"77":{"start":{"line":62,"column":10},"end":{"line":66,"column":13}},"78":{"start":{"line":63,"column":12},"end":{"line":65,"column":13}},"79":{"start":{"line":64,"column":14},"end":{"line":64,"column":38}},"80":{"start":{"line":67,"column":10},"end":{"line":67,"column":37}},"81":{"start":{"line":74,"column":6},"end":{"line":80,"column":9}},"82":{"start":{"line":75,"column":8},"end":{"line":75,"column":41}},"83":{"start":{"line":76,"column":8},"end":{"line":76,"column":69}},"84":{"start":{"line":77,"column":8},"end":{"line":79,"column":11}},"85":{"start":{"line":78,"column":10},"end":{"line":78,"column":70}},"86":{"start":{"line":82,"column":6},"end":{"line":84,"column":7}},"87":{"start":{"line":83,"column":8},"end":{"line":83,"column":43}},"88":{"start":{"line":86,"column":6},"end":{"line":86,"column":26}},"89":{"start":{"line":91,"column":6},"end":{"line":97,"column":9}},"90":{"start":{"line":92,"column":8},"end":{"line":92,"column":41}},"91":{"start":{"line":93,"column":8},"end":{"line":93,"column":69}},"92":{"start":{"line":94,"column":8},"end":{"line":96,"column":11}},"93":{"start":{"line":95,"column":10},"end":{"line":95,"column":69}},"94":{"start":{"line":99,"column":6},"end":{"line":101,"column":7}},"95":{"start":{"line":100,"column":8},"end":{"line":100,"column":44}},"96":{"start":{"line":103,"column":6},"end":{"line":103,"column":25}},"97":{"start":{"line":108,"column":6},"end":{"line":143,"column":9}},"98":{"start":{"line":109,"column":8},"end":{"line":109,"column":26}},"99":{"start":{"line":111,"column":8},"end":{"line":111,"column":94}},"100":{"start":{"line":112,"column":8},"end":{"line":112,"column":97}},"101":{"start":{"line":114,"column":8},"end":{"line":114,"column":74}},"102":{"start":{"line":115,"column":8},"end":{"line":115,"column":104}},"103":{"start":{"line":116,"column":8},"end":{"line":142,"column":9}},"104":{"start":{"line":117,"column":10},"end":{"line":117,"column":62}},"105":{"start":{"line":118,"column":10},"end":{"line":120,"column":11}},"106":{"start":{"line":119,"column":12},"end":{"line":119,"column":43}},"107":{"start":{"line":122,"column":10},"end":{"line":122,"column":156}},"108":{"start":{"line":123,"column":10},"end":{"line":123,"column":61}},"109":{"start":{"line":125,"column":10},"end":{"line":134,"column":12}},"110":{"start":{"line":126,"column":12},"end":{"line":133,"column":15}},"111":{"start":{"line":127,"column":14},"end":{"line":131,"column":15}},"112":{"start":{"line":128,"column":16},"end":{"line":130,"column":19}},"113":{"start":{"line":129,"column":18},"end":{"line":129,"column":50}},"114":{"start":{"line":132,"column":14},"end":{"line":132,"column":26}},"115":{"start":{"line":135,"column":10},"end":{"line":141,"column":11}},"116":{"start":{"line":136,"column":12},"end":{"line":136,"column":42}},"117":{"start":{"line":138,"column":12},"end":{"line":140,"column":13}},"118":{"start":{"line":139,"column":14},"end":{"line":139,"column":25}},"119":{"start":{"line":145,"column":6},"end":{"line":147,"column":7}},"120":{"start":{"line":146,"column":8},"end":{"line":146,"column":44}},"121":{"start":{"line":149,"column":6},"end":{"line":149,"column":19}},"122":{"start":{"line":154,"column":6},"end":{"line":176,"column":9}},"123":{"start":{"line":155,"column":8},"end":{"line":155,"column":96}},"124":{"start":{"line":156,"column":8},"end":{"line":156,"column":93}},"125":{"start":{"line":158,"column":8},"end":{"line":158,"column":74}},"126":{"start":{"line":159,"column":8},"end":{"line":159,"column":150}},"127":{"start":{"line":160,"column":8},"end":{"line":160,"column":111}},"128":{"start":{"line":161,"column":8},"end":{"line":161,"column":117}},"129":{"start":{"line":162,"column":8},"end":{"line":162,"column":172}},"130":{"start":{"line":163,"column":8},"end":{"line":163,"column":126}},"131":{"start":{"line":165,"column":8},"end":{"line":165,"column":121}},"132":{"start":{"line":166,"column":8},"end":{"line":171,"column":9}},"133":{"start":{"line":167,"column":10},"end":{"line":169,"column":11}},"134":{"start":{"line":168,"column":12},"end":{"line":168,"column":43}},"135":{"start":{"line":170,"column":10},"end":{"line":170,"column":31}},"136":{"start":{"line":172,"column":8},"end":{"line":174,"column":9}},"137":{"start":{"line":173,"column":10},"end":{"line":173,"column":31}},"138":{"start":{"line":175,"column":8},"end":{"line":175,"column":22}},"139":{"start":{"line":178,"column":6},"end":{"line":180,"column":7}},"140":{"start":{"line":179,"column":8},"end":{"line":179,"column":44}},"141":{"start":{"line":182,"column":6},"end":{"line":182,"column":18}},"142":{"start":{"line":187,"column":6},"end":{"line":220,"column":9}},"143":{"start":{"line":188,"column":8},"end":{"line":188,"column":93}},"144":{"start":{"line":190,"column":8},"end":{"line":190,"column":35}},"145":{"start":{"line":191,"column":8},"end":{"line":191,"column":41}},"146":{"start":{"line":192,"column":8},"end":{"line":192,"column":69}},"147":{"start":{"line":193,"column":8},"end":{"line":193,"column":150}},"148":{"start":{"line":194,"column":8},"end":{"line":194,"column":111}},"149":{"start":{"line":195,"column":8},"end":{"line":195,"column":117}},"150":{"start":{"line":196,"column":8},"end":{"line":196,"column":126}},"151":{"start":{"line":198,"column":8},"end":{"line":201,"column":9}},"152":{"start":{"line":200,"column":10},"end":{"line":200,"column":113}},"153":{"start":{"line":202,"column":8},"end":{"line":202,"column":48}},"154":{"start":{"line":203,"column":8},"end":{"line":219,"column":11}},"155":{"start":{"line":204,"column":10},"end":{"line":218,"column":45}},"156":{"start":{"line":205,"column":12},"end":{"line":207,"column":15}},"157":{"start":{"line":206,"column":14},"end":{"line":206,"column":40}},"158":{"start":{"line":208,"column":12},"end":{"line":210,"column":15}},"159":{"start":{"line":209,"column":14},"end":{"line":209,"column":40}},"160":{"start":{"line":211,"column":12},"end":{"line":214,"column":13}},"161":{"start":{"line":212,"column":14},"end":{"line":212,"column":42}},"162":{"start":{"line":213,"column":14},"end":{"line":213,"column":27}},"163":{"start":{"line":215,"column":12},"end":{"line":217,"column":15}},"164":{"start":{"line":216,"column":14},"end":{"line":216,"column":132}},"165":{"start":{"line":222,"column":6},"end":{"line":224,"column":7}},"166":{"start":{"line":223,"column":8},"end":{"line":223,"column":44}},"167":{"start":{"line":226,"column":6},"end":{"line":226,"column":25}},"168":{"start":{"line":231,"column":6},"end":{"line":253,"column":9}},"169":{"start":{"line":232,"column":8},"end":{"line":232,"column":97}},"170":{"start":{"line":233,"column":8},"end":{"line":233,"column":97}},"171":{"start":{"line":235,"column":8},"end":{"line":235,"column":74}},"172":{"start":{"line":236,"column":8},"end":{"line":236,"column":104}},"173":{"start":{"line":237,"column":8},"end":{"line":237,"column":107}},"174":{"start":{"line":238,"column":8},"end":{"line":238,"column":154}},"175":{"start":{"line":239,"column":8},"end":{"line":239,"column":154}},"176":{"start":{"line":241,"column":8},"end":{"line":241,"column":35}},"177":{"start":{"line":242,"column":8},"end":{"line":242,"column":59}},"178":{"start":{"line":244,"column":8},"end":{"line":252,"column":9}},"179":{"start":{"line":245,"column":10},"end":{"line":247,"column":13}},"180":{"start":{"line":246,"column":12},"end":{"line":246,"column":97}},"181":{"start":{"line":249,"column":10},"end":{"line":251,"column":11}},"182":{"start":{"line":250,"column":12},"end":{"line":250,"column":23}},"183":{"start":{"line":255,"column":6},"end":{"line":257,"column":7}},"184":{"start":{"line":256,"column":8},"end":{"line":256,"column":44}},"185":{"start":{"line":259,"column":6},"end":{"line":259,"column":21}},"186":{"start":{"line":264,"column":6},"end":{"line":300,"column":9}},"187":{"start":{"line":265,"column":8},"end":{"line":265,"column":97}},"188":{"start":{"line":266,"column":8},"end":{"line":266,"column":97}},"189":{"start":{"line":268,"column":8},"end":{"line":268,"column":74}},"190":{"start":{"line":269,"column":8},"end":{"line":269,"column":104}},"191":{"start":{"line":270,"column":8},"end":{"line":270,"column":107}},"192":{"start":{"line":271,"column":8},"end":{"line":271,"column":154}},"193":{"start":{"line":272,"column":8},"end":{"line":272,"column":154}},"194":{"start":{"line":273,"column":8},"end":{"line":273,"column":109}},"195":{"start":{"line":275,"column":8},"end":{"line":275,"column":24}},"196":{"start":{"line":276,"column":8},"end":{"line":276,"column":35}},"197":{"start":{"line":277,"column":8},"end":{"line":277,"column":59}},"198":{"start":{"line":279,"column":8},"end":{"line":291,"column":9}},"199":{"start":{"line":280,"column":10},"end":{"line":290,"column":13}},"200":{"start":{"line":281,"column":12},"end":{"line":289,"column":16}},"201":{"start":{"line":282,"column":14},"end":{"line":288,"column":15}},"202":{"start":{"line":283,"column":16},"end":{"line":285,"column":20}},"203":{"start":{"line":284,"column":18},"end":{"line":284,"column":40}},"204":{"start":{"line":287,"column":16},"end":{"line":287,"column":30}},"205":{"start":{"line":293,"column":8},"end":{"line":299,"column":9}},"206":{"start":{"line":294,"column":10},"end":{"line":294,"column":30}},"207":{"start":{"line":296,"column":10},"end":{"line":298,"column":11}},"208":{"start":{"line":297,"column":12},"end":{"line":297,"column":23}},"209":{"start":{"line":302,"column":6},"end":{"line":304,"column":7}},"210":{"start":{"line":303,"column":8},"end":{"line":303,"column":44}},"211":{"start":{"line":306,"column":6},"end":{"line":306,"column":21}},"212":{"start":{"line":311,"column":6},"end":{"line":353,"column":9}},"213":{"start":{"line":312,"column":8},"end":{"line":312,"column":97}},"214":{"start":{"line":314,"column":8},"end":{"line":314,"column":26}},"215":{"start":{"line":316,"column":8},"end":{"line":316,"column":94}},"216":{"start":{"line":317,"column":8},"end":{"line":317,"column":97}},"217":{"start":{"line":319,"column":8},"end":{"line":319,"column":74}},"218":{"start":{"line":320,"column":8},"end":{"line":320,"column":154}},"219":{"start":{"line":321,"column":8},"end":{"line":321,"column":154}},"220":{"start":{"line":322,"column":8},"end":{"line":322,"column":78}},"221":{"start":{"line":323,"column":8},"end":{"line":323,"column":127}},"222":{"start":{"line":325,"column":8},"end":{"line":330,"column":9}},"223":{"start":{"line":326,"column":10},"end":{"line":326,"column":30}},"224":{"start":{"line":327,"column":10},"end":{"line":327,"column":75}},"225":{"start":{"line":328,"column":10},"end":{"line":328,"column":121}},"226":{"start":{"line":329,"column":10},"end":{"line":329,"column":124}},"227":{"start":{"line":332,"column":8},"end":{"line":332,"column":35}},"228":{"start":{"line":333,"column":8},"end":{"line":333,"column":59}},"229":{"start":{"line":334,"column":8},"end":{"line":334,"column":29}},"230":{"start":{"line":336,"column":8},"end":{"line":352,"column":9}},"231":{"start":{"line":337,"column":10},"end":{"line":344,"column":11}},"232":{"start":{"line":338,"column":12},"end":{"line":338,"column":39}},"233":{"start":{"line":339,"column":12},"end":{"line":339,"column":62}},"234":{"start":{"line":340,"column":12},"end":{"line":342,"column":16}},"235":{"start":{"line":341,"column":14},"end":{"line":341,"column":73}},"236":{"start":{"line":343,"column":12},"end":{"line":343,"column":52}},"237":{"start":{"line":346,"column":10},"end":{"line":346,"column":42}},"238":{"start":{"line":347,"column":10},"end":{"line":347,"column":22}},"239":{"start":{"line":349,"column":10},"end":{"line":351,"column":11}},"240":{"start":{"line":350,"column":12},"end":{"line":350,"column":23}},"241":{"start":{"line":355,"column":6},"end":{"line":357,"column":7}},"242":{"start":{"line":356,"column":8},"end":{"line":356,"column":44}},"243":{"start":{"line":359,"column":6},"end":{"line":359,"column":22}},"244":{"start":{"line":364,"column":6},"end":{"line":430,"column":9}},"245":{"start":{"line":365,"column":8},"end":{"line":365,"column":97}},"246":{"start":{"line":367,"column":8},"end":{"line":367,"column":26}},"247":{"start":{"line":369,"column":8},"end":{"line":369,"column":97}},"248":{"start":{"line":370,"column":8},"end":{"line":370,"column":97}},"249":{"start":{"line":372,"column":8},"end":{"line":372,"column":74}},"250":{"start":{"line":373,"column":8},"end":{"line":373,"column":119}},"251":{"start":{"line":374,"column":8},"end":{"line":374,"column":121}},"2
[...]
"line":116,"loc":{"start":{"line":116,"column":21},"end":{"line":116,"column":40}}},"19":{"name":"(anonymous_19)","line":117,"loc":{"start":{"line":117,"column":53},"end":{"line":117,"column":70}}},"20":{"name":"normalizePutDirectoryConfig","line":123,"loc":{"start":{"line":123,"column":0},"end":{"line":123,"column":50}}},"21":{"name":"(anonymous_21)","line":130,"loc":{"start":{"line":130,"column":18},"end":{"line":130,"column":30}}},"22":{"name":"(anonymous_22)","line":137,"loc":{"start":{"line":137,"column":22},"end":{"line":137,"column":38}}},"23":{"name":"generateCallback","line":145,"loc":{"start":{"line":145,"column":0},"end":{"line":145,"column":43}}},"24":{"name":"(anonymous_24)","line":146,"loc":{"start":{"line":146,"column":9},"end":{"line":146,"column":34}}}},"statementMap":{"1":{"start":{"line":3,"column":0},"end":{"line":5,"column":3}},"2":{"start":{"line":6,"column":0},"end":{"line":6,"column":89}},"3":{"start":{"line":8,"column":0},"end":{"line":8,"column":269}},"4":{"start":{"line":8,"column":101},"end":{"line":8,"column":119}},"5":{"start":{"line":8,"column":141},"end":{"line":8,"column":266}},"6":{"start":{"line":10,"column":0},"end":{"line":33,"column":4}},"7":{"start":{"line":11,"column":2},"end":{"line":28,"column":5}},"8":{"start":{"line":12,"column":4},"end":{"line":12,"column":23}},"9":{"start":{"line":13,"column":4},"end":{"line":15,"column":29}},"10":{"start":{"line":14,"column":6},"end":{"line":14,"column":75}},"11":{"start":{"line":16,"column":4},"end":{"line":22,"column":5}},"12":{"start":{"line":17,"column":6},"end":{"line":20,"column":7}},"13":{"start":{"line":19,"column":8},"end":{"line":19,"column":15}},"14":{"start":{"line":21,"column":6},"end":{"line":21,"column":86}},"15":{"start":{"line":23,"column":4},"end":{"line":27,"column":5}},"16":{"start":{"line":24,"column":6},"end":{"line":24,"column":68}},"17":{"start":{"line":26,"column":6},"end":{"line":26,"column":34}},"18":{"start":{"line":30,"column":2},"end":{"line":32,"column":4}},"19":{"start":{"line":31,"column":4},"end":{"line":31,"column":39}},"20":{"start":{"line":35,"column":0},"end":{"line":79,"column":4}},"21":{"start":{"line":36,"column":2},"end":{"line":74,"column":5}},"22":{"start":{"line":37,"column":4},"end":{"line":37,"column":48}},"23":{"start":{"line":38,"column":4},"end":{"line":40,"column":5}},"24":{"start":{"line":39,"column":6},"end":{"line":39,"column":64}},"25":{"start":{"line":41,"column":4},"end":{"line":51,"column":5}},"26":{"start":{"line":42,"column":6},"end":{"line":44,"column":7}},"27":{"start":{"line":43,"column":8},"end":{"line":43,"column":62}},"28":{"start":{"line":45,"column":11},"end":{"line":51,"column":5}},"29":{"start":{"line":46,"column":6},"end":{"line":48,"column":7}},"30":{"start":{"line":47,"column":8},"end":{"line":47,"column":62}},"31":{"start":{"line":50,"column":6},"end":{"line":50,"column":69}},"32":{"start":{"line":52,"column":4},"end":{"line":72,"column":5}},"33":{"start":{"line":53,"column":6},"end":{"line":53,"column":41}},"34":{"start":{"line":54,"column":6},"end":{"line":56,"column":7}},"35":{"start":{"line":55,"column":8},"end":{"line":55,"column":62}},"36":{"start":{"line":57,"column":6},"end":{"line":66,"column":7}},"37":{"start":{"line":58,"column":8},"end":{"line":65,"column":9}},"38":{"start":{"line":59,"column":10},"end":{"line":59,"column":65}},"39":{"start":{"line":61,"column":10},"end":{"line":63,"column":11}},"40":{"start":{"line":62,"column":12},"end":{"line":62,"column":81}},"41":{"start":{"line":64,"column":10},"end":{"line":64,"column":22}},"42":{"start":{"line":67,"column":11},"end":{"line":72,"column":5}},"43":{"start":{"line":68,"column":6},"end":{"line":68,"column":37}},"44":{"start":{"line":69,"column":6},"end":{"line":71,"column":7}},"45":{"start":{"line":70,"column":8},"end":{"line":70,"column":60}},"46":{"start":{"line":73,"column":4},"end":{"line":73,"column":18}},"47":{"start":{"line":76,"column":2},"end":{"line":78,"column":4}},"48":{"start":{"line":77,"column":4},"end":{"line":77,"column":40}},"49":{"start":{"line":81,"column":0},"end":{"line":81,"column":24}},"50":{"start":{"line":82,"column":0},"end":{"line":82,"column":66}},"51":{"start":{"line":83,"column":0},"end":{"line":83,"column":44}},"52":{"start":{"line":85,"column":0},"end":{"line":85,"column":24}},"53":{"start":{"line":87,"column":0},"end":{"line":87,"column":39}},"54":{"start":{"line":89,"column":0},"end":{"line":89,"column":28}},"55":{"start":{"line":91,"column":0},"end":{"line":91,"column":43}},"56":{"start":{"line":93,"column":0},"end":{"line":93,"column":43}},"57":{"start":{"line":95,"column":0},"end":{"line":95,"column":57}},"58":{"start":{"line":97,"column":0},"end":{"line":97,"column":95}},"59":{"start":{"line":97,"column":39},"end":{"line":97,"column":93}},"60":{"start":{"line":99,"column":0},"end":{"line":99,"column":458}},"61":{"start":{"line":99,"column":33},"end":{"line":99,"column":456}},"62":{"start":{"line":99,"column":54},"end":{"line":99,"column":90}},"63":{"start":{"line":99,"column":91},"end":{"line":99,"column":453}},"64":{"start":{"line":99,"column":139},"end":{"line":99,"column":428}},"65":{"start":{"line":99,"column":165},"end":{"line":99,"column":263}},"66":{"start":{"line":99,"column":171},"end":{"line":99,"column":196}},"67":{"start":{"line":99,"column":197},"end":{"line":99,"column":220}},"68":{"start":{"line":99,"column":239},"end":{"line":99,"column":253}},"69":{"start":{"line":99,"column":254},"end":{"line":99,"column":261}},"70":{"start":{"line":99,"column":264},"end":{"line":99,"column":426}},"71":{"start":{"line":99,"column":281},"end":{"line":99,"column":296}},"72":{"start":{"line":99,"column":306},"end":{"line":99,"column":424}},"73":{"start":{"line":99,"column":360},"end":{"line":99,"column":380}},"74":{"start":{"line":99,"column":401},"end":{"line":99,"column":420}},"75":{"start":{"line":99,"column":429},"end":{"line":99,"column":449}},"76":{"start":{"line":101,"column":0},"end":{"line":101,"column":38}},"77":{"start":{"line":102,"column":0},"end":{"line":102,"column":65}},"78":{"start":{"line":103,"column":0},"end":{"line":103,"column":72}},"79":{"start":{"line":104,"column":0},"end":{"line":104,"column":81}},"80":{"start":{"line":106,"column":0},"end":{"line":113,"column":1}},"81":{"start":{"line":107,"column":2},"end":{"line":107,"column":42}},"82":{"start":{"line":108,"column":2},"end":{"line":111,"column":3}},"83":{"start":{"line":110,"column":4},"end":{"line":110,"column":30}},"84":{"start":{"line":112,"column":2},"end":{"line":112,"column":20}},"85":{"start":{"line":115,"column":0},"end":{"line":121,"column":1}},"86":{"start":{"line":116,"column":2},"end":{"line":120,"column":5}},"87":{"start":{"line":117,"column":4},"end":{"line":119,"column":7}},"88":{"start":{"line":118,"column":6},"end":{"line":118,"column":22}},"89":{"start":{"line":123,"column":0},"end":{"line":143,"column":1}},"90":{"start":{"line":124,"column":2},"end":{"line":124,"column":46}},"91":{"start":{"line":125,"column":2},"end":{"line":131,"column":3}},"92":{"start":{"line":126,"column":4},"end":{"line":128,"column":5}},"93":{"start":{"line":127,"column":6},"end":{"line":127,"column":56}},"94":{"start":{"line":130,"column":4},"end":{"line":130,"column":33}},"95":{"start":{"line":132,"column":2},"end":{"line":140,"column":3}},"96":{"start":{"line":133,"column":4},"end":{"line":135,"column":5}},"97":{"start":{"line":134,"column":6},"end":{"line":134,"column":60}},"98":{"start":{"line":137,"column":4},"end":{"line":139,"column":6}},"99":{"start":{"line":138,"column":6},"end":{"line":138,"column":64}},"100":{"start":{"line":141,"column":2},"end":{"line":141,"column":93}},"101":{"start":{"line":142,"column":2},"end":{"line":142,"column":16}},"102":{"start":{"line":145,"column":0},"end":{"line":153,"column":1}},"103":{"start":{"line":146,"column":2},"end":{"line":152,"column":4}},"104":{"start":{"line":147,"column":4},"end":{"line":151,"column":5}},"105":{"start":{"line":148,"column":6},"end":{"line":148,"column":20}},"106":{"start":{"line":150,"column":6},"end":{"line":150,"column":22}}},"branchMap":{"1":{"line":8,"type":"cond-expr","locations":[{"start":{"line":8,"column":84},"end":{"line":8,"column":121}},{"start":{"line":8,"column":124},"end":{"line":8,"column":268}}]},"2":{"line":8,"type":"binary-expr","locations":[{"start":{"line":8,"column":14},"end":{"line":8,"column":42}},{"start":{"line":8,"column":46},"end":{"line":8,"column":81}}]},"3":{"line":8,"type":"cond-expr","locations":[{"start":{"line":8,"column":244},"end":{"line":8,"column":252}},{"start":{"line":8,"column":255},"end":{"line":8,"column":265}}]},"4":{"line":8,"type":"binary-expr","locations":[{"start":{"line":8,"column":148},"end":{"line":8,"column":151}},{"start":{"line":8,"column":155},"end":{"line":8,"column":183}},{"start":{"line":8,"column":187},"end":{"line":8,"column":213}},{"start":{"line":8,"column":217},"end":{"line":8,"column":241}}]},"5":{"line":16,"type":"if","locations":[{"start":{"line":16,"column":4},"end":{"line":16,"column":4}},{"start":{"line":16,"column":4},"end":{"line":16,"column":4}}]},"6":{"line":17,"type":"if","locations":[{"start":{"line":17,"column":6},"end":{"line":17,"column":6}},{"start":{"line":17,"column":6},"end":{"line":17,"column":6}}]},"7":{"line":38,"type":"if","locations":[{"start":{"line":38,"column":4},"end":{"line":38,"column":4}},{"start":{"line":38,"column":4},"end":{"line":38,"column":4}}]},"8":{"line":38,"type":"binary-expr","locations":[{"start":{"line":38,"column":8},"end":{"line":38,"column":23}},{"start":{"line":38,"column":27},"end":{"line":38,"column":62}}]},"9":{"line":41,"type":"if","locations":[{"start":{"line":41,"column":4},"end":{"line":41,"column":4}},{"start":{"line":41,"column":4},"end":{"line":41,"column":4}}]},"10":{"line":42,"type":"if","locations":[{"start":{"line":42,"column":6},"end":{"line":42,"column":6}},{"start":{"line":42,"column":6},"end":{"line":42,"column":6}}]},"11":{"line":42,"type":"binary-expr","locations":[{"start":{"line":42,"column":10},"end":{"line":42,"column":41}},{"start":{"line":42,"column":45},"end":{"line":42,"column":57}}]},"12":{"line":45,"type":"if","locations":[{"start":{"line":45,"column":11},"end":{"line":45,"column":11}},{"start":{"line":45,"column":11},"end":{"line":45,"column":11}}]},"13":{"line":46,"type":"if","locations":[{"start":{"line":46,"column":6},"end":{"line":46,"column":6}},{"start":{"line":46,"column":6},"end":{"line":46,"column":6}}]},"14":{"line":46,"type":"binary-expr","locations":[{"start":{"line":46,"column":10},"end":{"line":46,"column":22}},{"start":{"line":46,"column":26},"end":{"line":46,"column":59}}]},"15":{"line":52,"type":"if","locations":[{"start":{"line":52,"column":4},"end":{"line":52,"column":4}},{"start":{"line":52,"column":4},"end":{"line":52,"column":4}}]},"16":{"line":54,"type":"if","locations":[{"start":{"line":54,"column":6},"end":{"line":54,"column":6}},{"start":{"line":54,"column":6},"end":{"line":54,"column":6}}]},"17":{"line":57,"type":"if","locations":[{"start":{"line":57,"column":6},"end":{"line":57,"column":6}},{"start":{"line":57,"column":6},"end":{"line":57,"column":6}}]},"18":{"line":57,"type":"binary-expr","locations":[{"start":{"line":57,"column":12},"end":{"line":57,"column":40}},{"start":{"line":57,"column":44},"end":{"line":57,"column":70}}]},"19":{"line":61,"type":"if","locations":[{"start":{"line":61,"column":10},"end":{"line":61,"column":10}},{"start":{"line":61,"column":10},"end":{"line":61,"column":10}}]},"20":{"line":67,"type":"if","locations":[{"start":{"line":67,"column":11},"end":{"line":67,"column":11}},{"start":{"line":67,"column":11},"end":{"line":67,"column":11}}]},"21":{"line":69,"type":"if","locations":[{"start":{"line":69,"column":6},"end":{"line":69,"column":6}},{"start":{"line":69,"column":6},"end":{"line":69,"column":6}}]},"22":{"line":97,"type":"cond-expr","locations":[{"start":{"line":97,"column":70},"end":{"line":97,"column":73}},{"start":{"line":97,"column":76},"end":{"line":97,"column":92}}]},"23":{"line":97,"type":"binary-expr","locations":[{"start":{"line":97,"column":46},"end":{"line":97,"column":49}},{"start":{"line":97,"column":53},"end":{"line":97,"column":67}}]},"24":{"line":99,"type":"if","locations":[{"start":{"line":99,"column":264},"end":{"line":99,"column":264}},{"start":{"line":99,"column":264},"end":{"line":99,"column":264}}]},"25":{"line":108,"type":"if","locations":[{"start":{"line":108,"column":2},"end":{"line":108,"column":2}},{"start":{"line":108,"column":2},"end":{"line":108,"column":2}}]},"26":{"line":125,"type":"if","locations":[{"start":{"line":125,"column":2},"end":{"line":125,"column":2}},{"start":{"line":125,"column":2},"end":{"line":125,"column":2}}]},"27":{"line":126,"type":"if","locations":[{"start":{"line":126,"column":4},"end":{"line":126,"column":4}},{"start":{"line":126,"column":4},"end":{"line":126,"column":4}}]},"28":{"line":132,"type":"if","locations":[{"start":{"line":132,"column":2},"end":{"line":132,"column":2}},{"start":{"line":132,"column":2},"end":{"line":132,"column":2}}]},"29":{"line":133,"type":"if","locations":[{"start":{"line":133,"column":4},"end":{"line":133,"column":4}},{"start":{"line":133,"column":4},"end":{"line":133,"column":4}}]},"30":{"line":141,"type":"cond-expr","locations":[{"start":{"line":141,"column":67},"end":{"line":141,"column":85}},{"start":{"line":141,"column":88},"end":{"line":141,"column":92}}]},"31":{"line":147,"type":"if","locations":[{"start":{"line":147,"column":4},"end":{"line":147,"column":4}},{"start":{"line":147,"column":4},"end":{"line":147,"column":4}}]}},"code":["'use strict';","","Object.defineProperty(exports, \"__esModule\", {","  value: true","});","exports.normalizeConfig = exports.mkdirSftp = exports.readdir = exports.stat = undefined;","","var _typeof = typeof Symbol === \"function\" && typeof Symbol.iterator === \"symbol\" ? function (obj) { return typeof obj; } : function (obj) { return obj && typeof Symbol === \"function\" && obj.constructor === Symbol && obj !== Symbol.prototype ? \"symbol\" : typeof obj; };","","var mkdirSftp = exports.mkdirSftp = function () {","  var _ref = _asyncToGenerator(function* (path, sftp) {","    var stats = void 0;","    try {","      stats = yield (0, _sbPromisify2.default)(sftp.stat).call(sftp, path);","    } catch (_) {/* No Op */}","    if (stats) {","      if (stats.isDirectory()) {","        // Already exists, nothing to worry about","        return;","      }","      throw new Error('mkdir() failed, target already exists and is not a directory');","    }","    try {","      yield (0, _sbPromisify2.default)(sftp.mkdir).call(sftp, path);","    } catch (error) {","      throw transformError(error);","    }","  });","","  return function mkdirSftp(_x, _x2) {","    return _ref.apply(this, arguments);","  };","}();","","var normalizeConfig = exports.normalizeConfig = function () {","  var _ref2 = _asyncToGenerator(function* (givenConfig) {","    var config = Object.assign({}, givenConfig);","    if (config.username && typeof config.username !== 'string') {","      throw new Error('config.username must be a valid string');","    }","    if (typeof config.host !== 'undefined') {","      if (typeof config.host !== 'string' || !config.host) {","        throw new Error('config.host must be a valid string');","      }","    } else if (typeof config.sock !== 'undefined') {","      if (!config.sock || _typeof(config.sock) !== 'object') {","        throw new Error('config.sock must be a valid object');","      }","    } else {","      throw new Error('config.host or config.sock must be provided');","    }","    if (config.privateKey) {","      var privateKey = config.privateKey;","      if (typeof privateKey !== 'string') {","        throw new Error('config.privateKey must be a string');","      }","      if (!(privateKey.includes('BEGIN') && privateKey.includes('KEY'))) {","        try {","          config.privateKey = yield readFile(privateKey, 'utf8');","        } catch (error) {","          if (error.code === 'ENOENT') {","            throw new Error('config.privateKey does not exist at ' + privateKey);","          }","          throw error;","        }","      }","    } else if (config.password) {","      var password = config.password;","      if (typeof password !== 'string') {","        throw new Error('config.password must be a string');","      }","    }","    return config;","  });","","  return function normalizeConfig(_x3) {","    return _ref2.apply(this, arguments);","  };","}();","","exports.exists = exists;","exports.normalizePutDirectoryConfig = normalizePutDirectoryConfig;","exports.generateCallback = generateCallback;","","var _fs = require('fs');","","var _fs2 = _interopRequireDefault(_fs);","","var _path = require('path');","","var _path2 = _interopRequireDefault(_path);","","var _sbPromisify = require('sb-promisify');","","var _sbPromisify2 = _interopRequireDefault(_sbPromisify);","","function _interopRequireDefault(obj) { return obj && obj.__esModule ? obj : { default: obj }; }","","function _asyncToGenerator(fn) { return function () { var gen = fn.apply(this, arguments); return new Promise(function (resolve, reject) { function step(key, arg) { try { var info = gen[key](arg); var value = info.value; } catch (error) { reject(error); return; } if (info.done) { resolve(value); } else { return Promise.resolve(value).then(function (value) { step(\"next\", value); }, function (err) { step(\"throw\", err); }); } } return step(\"next\"); }); }; }","","var CODE_REGEXP = /Error: (E[\\S]+): /;","var readFile = (0, _sbPromisify2.default)(_fs2.default.readFile);","var stat = exports.stat = (0, _sbPromisify2.default)(_fs2.default.stat);","var readdir = exports.readdir = (0, _sbPromisify2.default)(_fs2.default.readdir);","","function transformError(givenError) {","  var code = CODE_REGEXP.exec(givenError);","  if (code) {","    // eslint-disable-next-line no-param-reassign","    givenError.code = code[1];","  }","  return givenError;","}","","function exists(filePath) {","  return new Promise(function (resolve) {","    _fs2.default.access(filePath, _fs2.default.R_OK, function (error) {","      resolve(!error);","    });","  });","}","","function normalizePutDirectoryConfig(givenConfig) {","  var config = Object.assign({}, givenConfig);","  if (config.tick) {","    if (typeof config.tick !== 'function') {","      throw new Error('config.tick must be a function');","    }","  } else {","    config.tick = function () {};","  }","  if (config.validate) {","    if (typeof config.validate !== 'function') {","      throw new Error('config.validate must be a function');","    }","  } else {","    config.validate = function (path) {","      return _path2.default.basename(path).substr(0, 1) !== '.';","    };","  }","  config.recursive = {}.hasOwnProperty.call(config, 'recursive') ? !!config.recursive : true;","  return config;","}","","function generateCallback(resolve, reject) {","  return function (error, result) {","    if (error) {","      reject(error);","    } else {","      resolve(result);","    }","  };","}"],"l":{"3":1,"6":1,"8":1,"10":1,"11":1,"12":0,"13":0,"14":0,"16":0,"17":0,"19":0,"21":0,"23":0,"24":0,"26":0,"30":1,"31":0,"35":1,"36":1,"37":0,"38":0,"39":0,"41":0,"42":0,"43":0,"45":0,"46":0,"47":0,"50":0,"52":0,"53":0,"54":0,"55":0,"57":0,"58":0,"59":0,"61":0,"62":0,"64":0,"67":0,"68":0,"69":0,"70":0,"73":0,"76":1,"77":0,"81":1,"82":1,"83":1,"85":1,"87":1,"89":1,"91":1,"93":1,"95":1,"97":3,"99":2,"101":1,"102":1,"103":1,"104":1,"106":1,"107":0,"108":0,"110":0,"112":0,"115":1,"116":0,"117":0,"118":0,"123":1,"124":0,"125":0,"126":0,"127":0,"130":0,"132":0,"133":0,"134":0,"137":0,"138":0,"141":0,"142":0,"145":1,"146":0,"147":0,"148":0,"150":0}},"/home/travis/build/npmtest/node-npmtest-node-ssh/node_modules/node-ssh/lib/types.js":{"path":"/home/travis/build/npmtest/node-npmtest-node-ssh/node_modules/node-ssh/lib/types.js","s":{},"b":{},"f":{},"fnMap":{},"statementMap":{},"branchMap":{},"code":["\"use strict\";"],"l":{}}}